
10월 27, 2021 23:04:09.309 NEW SESSION
10월 27, 2021 23:04:09.309 [19868:11156:1027/230409.308:ERROR:chrome_browser_main_extra_parts_metrics.cc(230)] crbug.com/1216328: Checking Bluetooth availability started. Please report if there is no report that this ends.
10월 27, 2021 23:04:09.309 [19868:11156:1027/230409.308:ERROR:chrome_browser_main_extra_parts_metrics.cc(233)] crbug.com/1216328: Checking Bluetooth availability ended.
10월 27, 2021 23:04:09.309 [19868:11156:1027/230409.308:ERROR:chrome_browser_main_extra_parts_metrics.cc(236)] crbug.com/1216328: Checking default browser status started. Please report if there is no report that this ends.
10월 27, 2021 23:04:09.309 [19868:11156:1027/230409.309:ERROR:chrome_browser_main_extra_parts_metrics.cc(240)] crbug.com/1216328: Checking default browser status ended.
10월 27, 2021 23:04:09.320 [19868:13092:1027/230409.320:ERROR:device_event_log_impl.cc(214)] [23:04:09.320] USB: usb_device_handle_win.cc:1048 Failed to read descriptor from node connection: 시스템에 부착된 장치가 작동하지 않습니다. (0x1F)
10월 27, 2021 23:04:09.320 [19868:13092:1027/230409.320:ERROR:device_event_log_impl.cc(214)] [23:04:09.320] USB: usb_device_handle_win.cc:1048 Failed to read descriptor from node connection: 시스템에 부착된 장치가 작동하지 않습니다. (0x1F)
10월 27, 2021 23:25:39.758 [1072:2216:1027/232539.757:ERROR:chrome_browser_main_extra_parts_metrics.cc(230)] crbug.com/1216328: Checking Bluetooth availability started. Please report if there is no report that this ends.
10월 27, 2021 23:25:39.758 [1072:2216:1027/232539.758:ERROR:chrome_browser_main_extra_parts_metrics.cc(233)] crbug.com/1216328: Checking Bluetooth availability ended.
10월 27, 2021 23:25:39.759 [1072:2216:1027/232539.758:ERROR:chrome_browser_main_extra_parts_metrics.cc(236)] crbug.com/1216328: Checking default browser status started. Please report if there is no report that this ends.
10월 27, 2021 23:25:39.759 [1072:2216:1027/232539.758:ERROR:chrome_browser_main_extra_parts_metrics.cc(240)] crbug.com/1216328: Checking default browser status ended.
10월 27, 2021 23:25:39.774 [1072:11480:1027/232539.774:ERROR:device_event_log_impl.cc(214)] [23:25:39.774] USB: usb_device_handle_win.cc:1048 Failed to read descriptor from node connection: 시스템에 부착된 장치가 작동하지 않습니다. (0x1F)
10월 27, 2021 23:25:39.775 [1072:11480:1027/232539.774:ERROR:device_event_log_impl.cc(214)] [23:25:39.774] USB: usb_device_handle_win.cc:1048 Failed to read descriptor from node connection: 시스템에 부착된 장치가 작동하지 않습니다. (0x1F)
10월 27, 2021 23:52:58.376 [14768:1352:1027/235258.375:ERROR:chrome_browser_main_extra_parts_metrics.cc(230)] crbug.com/1216328: Checking Bluetooth availability started. Please report if there is no report that this ends.
10월 27, 2021 23:52:58.376 [14768:1352:1027/235258.375:ERROR:chrome_browser_main_extra_parts_metrics.cc(233)] crbug.com/1216328: Checking Bluetooth availability ended.
10월 27, 2021 23:52:58.377 [14768:1352:1027/235258.375:ERROR:chrome_browser_main_extra_parts_metrics.cc(236)] crbug.com/1216328: Checking default browser status started. Please report if there is no report that this ends.
10월 27, 2021 23:52:58.377 [14768:1352:1027/235258.377:ERROR:chrome_browser_main_extra_parts_metrics.cc(240)] crbug.com/1216328: Checking default browser status ended.
10월 27, 2021 23:52:58.406 [14768:17932:1027/235258.406:ERROR:device_event_log_impl.cc(214)] [23:52:58.406] USB: usb_device_handle_win.cc:1048 Failed to read descriptor from node connection: 시스템에 부착된 장치가 작동하지 않습니다. (0x1F)
10월 27, 2021 23:52:58.407 [14768:17932:1027/235258.406:ERROR:device_event_log_impl.cc(214)] [23:52:58.406] USB: usb_device_handle_win.cc:1048 Failed to read descriptor from node connection: 시스템에 부착된 장치가 작동하지 않습니다. (0x1F)
10월 28, 2021 01:14:34.704 [16740:6308:1028/011434.704:ERROR:chrome_browser_main_extra_parts_metrics.cc(230)] crbug.com/1216328: Checking Bluetooth availability started. Please report if there is no report that this ends.
10월 28, 2021 01:14:34.706 [16740:6308:1028/011434.704:ERROR:chrome_browser_main_extra_parts_metrics.cc(233)] crbug.com/1216328: Checking Bluetooth availability ended.
10월 28, 2021 01:14:34.706 [16740:6308:1028/011434.704:ERROR:chrome_browser_main_extra_parts_metrics.cc(236)] crbug.com/1216328: Checking default browser status started. Please report if there is no report that this ends.
10월 28, 2021 01:14:34.707 [16740:6308:1028/011434.704:ERROR:chrome_browser_main_extra_parts_metrics.cc(240)] crbug.com/1216328: Checking default browser status ended.
10월 28, 2021 01:14:34.725 [16740:15972:1028/011434.724:ERROR:device_event_log_impl.cc(214)] [01:14:34.724] USB: usb_device_handle_win.cc:1048 Failed to read descriptor from node connection: 시스템에 부착된 장치가 작동하지 않습니다. (0x1F)
10월 28, 2021 01:14:34.725 [16740:15972:1028/011434.724:ERROR:device_event_log_impl.cc(214)] [01:14:34.725] USB: usb_device_handle_win.cc:1048 Failed to read descriptor from node connection: 시스템에 부착된 장치가 작동하지 않습니다. (0x1F)
10월 28, 2021 03:23:44.294 [16740:15240:1028/032344.293:ERROR:database.cc(1761)] Passwords SQLite error: code 2067 errno 0: UNIQUE constraint failed: logins.origin_url, logins.username_element, logins.username_value, logins.password_element, logins.signon_realm sql: INSERT INTO logins (origin_url, action_url, username_element, username_value, password_element, password_value, submit_element, signon_realm, date_created, blacklisted_by_user, scheme, password_type, times_used, form_data, display_name, icon_url, federation_url, skip_zero_click, generation_upload_status, possible_username_pairs, id, date_last_used, moving_blocked_for, date_password_modified) VALUES (?,?,?,?,?,?,?,?,?,?,?,?,?,?,?,?,?,?,?,?,?,?,?,?)
10월 28, 2021 04:13:56.48 [13988:10320:1028/041356.047:ERROR:chrome_browser_main_extra_parts_metrics.cc(230)] crbug.com/1216328: Checking Bluetooth availability started. Please report if there is no report that this ends.
10월 28, 2021 04:13:56.49 [13988:10320:1028/041356.047:ERROR:chrome_browser_main_extra_parts_metrics.cc(233)] crbug.com/1216328: Checking Bluetooth availability ended.
10월 28, 2021 04:13:56.49 [13988:10320:1028/041356.047:ERROR:chrome_browser_main_extra_parts_metrics.cc(236)] crbug.com/1216328: Checking default browser status started. Please report if there is no report that this ends.
10월 28, 2021 04:13:56.49 [13988:10320:1028/041356.049:ERROR:chrome_browser_main_extra_parts_metrics.cc(240)] crbug.com/1216328: Checking default browser status ended.
10월 28, 2021 04:13:56.62 [13988:16840:1028/041356.062:ERROR:device_event_log_impl.cc(214)] [04:13:56.061] USB: usb_device_handle_win.cc:1048 Failed to read descriptor from node connection: 시스템에 부착된 장치가 작동하지 않습니다. (0x1F)
10월 28, 2021 04:13:56.62 [13988:16840:1028/041356.062:ERROR:device_event_log_impl.cc(214)] [04:13:56.062] USB: usb_device_handle_win.cc:1048 Failed to read descriptor from node connection: 시스템에 부착된 장치가 작동하지 않습니다. (0x1F)
10월 28, 2021 04:54:41.647 [15736:20140:1028/045441.646:ERROR:chrome_browser_main_extra_parts_metrics.cc(230)] crbug.com/1216328: Checking Bluetooth availability started. Please report if there is no report that this ends.
10월 28, 2021 04:54:41.648 [15736:20140:1028/045441.647:ERROR:chrome_browser_main_extra_parts_metrics.cc(233)] crbug.com/1216328: Checking Bluetooth availability ended.
10월 28, 2021 04:54:41.649 [15736:20140:1028/045441.647:ERROR:chrome_browser_main_extra_parts_metrics.cc(236)] crbug.com/1216328: Checking default browser status started. Please report if there is no report that this ends.
10월 28, 2021 04:54:41.650 [15736:20140:1028/045441.647:ERROR:chrome_browser_main_extra_parts_metrics.cc(240)] crbug.com/1216328: Checking default browser status ended.
10월 28, 2021 04:54:41.662 [15736:3556:1028/045441.662:ERROR:device_event_log_impl.cc(214)] [04:54:41.662] USB: usb_device_handle_win.cc:1048 Failed to read descriptor from node connection: 시스템에 부착된 장치가 작동하지 않습니다. (0x1F)
10월 28, 2021 04:54:41.662 [15736:3556:1028/045441.662:ERROR:device_event_log_impl.cc(214)] [04:54:41.662] USB: usb_device_handle_win.cc:1048 Failed to read descriptor from node connection: 시스템에 부착된 장치가 작동하지 않습니다. (0x1F)
10월 28, 2021 04:54:57.55 [15736:18092:1028/045457.054:ERROR:database.cc(1761)] Passwords SQLite error: code 2067 errno 0: UNIQUE constraint failed: logins.origin_url, logins.username_element, logins.username_value, logins.password_element, logins.signon_realm sql: INSERT INTO logins (origin_url, action_url, username_element, username_value, password_element, password_value, submit_element, signon_realm, date_created, blacklisted_by_user, scheme, password_type, times_used, form_data, display_name, icon_url, federation_url, skip_zero_click, generation_upload_status, possible_username_pairs, id, date_last_used, moving_blocked_for, date_password_modified) VALUES (?,?,?,?,?,?,?,?,?,?,?,?,?,?,?,?,?,?,?,?,?,?,?,?)

11월 01, 2021 23:19:24.898 NEW SESSION
11월 01, 2021 23:19:24.898 [12140:22588:1101/231924.887:ERROR:chrome_browser_main_extra_parts_metrics.cc(230)] crbug.com/1216328: Checking Bluetooth availability started. Please report if there is no report that this ends.
11월 01, 2021 23:19:24.900 [12140:22588:1101/231924.887:ERROR:chrome_browser_main_extra_parts_metrics.cc(233)] crbug.com/1216328: Checking Bluetooth availability ended.
11월 01, 2021 23:19:24.900 [12140:22588:1101/231924.887:ERROR:chrome_browser_main_extra_parts_metrics.cc(236)] crbug.com/1216328: Checking default browser status started. Please report if there is no report that this ends.
11월 01, 2021 23:19:24.901 [12140:22588:1101/231924.887:ERROR:chrome_browser_main_extra_parts_metrics.cc(240)] crbug.com/1216328: Checking default browser status ended.
11월 01, 2021 23:19:24.901 [12140:13444:1101/231924.899:ERROR:device_event_log_impl.cc(214)] [23:19:24.899] USB: usb_device_handle_win.cc:1048 Failed to read descriptor from node connection: 시스템에 부착된 장치가 작동하지 않습니다. (0x1F)
11월 01, 2021 23:19:24.902 [12140:13444:1101/231924.899:ERROR:device_event_log_impl.cc(214)] [23:19:24.899] USB: usb_device_handle_win.cc:1048 Failed to read descriptor from node connection: 시스템에 부착된 장치가 작동하지 않습니다. (0x1F)
11월 01, 2021 23:24:31.125 [20432:17360:1101/232431.125:ERROR:chrome_browser_main_extra_parts_metrics.cc(230)] crbug.com/1216328: Checking Bluetooth availability started. Please report if there is no report that this ends.
11월 01, 2021 23:24:31.127 [20432:17360:1101/232431.125:ERROR:chrome_browser_main_extra_parts_metrics.cc(233)] crbug.com/1216328: Checking Bluetooth availability ended.
11월 01, 2021 23:24:31.127 [20432:17360:1101/232431.125:ERROR:chrome_browser_main_extra_parts_metrics.cc(236)] crbug.com/1216328: Checking default browser status started. Please report if there is no report that this ends.
11월 01, 2021 23:24:31.128 [20432:17360:1101/232431.126:ERROR:chrome_browser_main_extra_parts_metrics.cc(240)] crbug.com/1216328: Checking default browser status ended.
11월 01, 2021 23:24:31.141 [20432:21764:1101/232431.141:ERROR:device_event_log_impl.cc(214)] [23:24:31.141] USB: usb_device_handle_win.cc:1048 Failed to read descriptor from node connection: 시스템에 부착된 장치가 작동하지 않습니다. (0x1F)
11월 01, 2021 23:24:31.142 [20432:21764:1101/232431.141:ERROR:device_event_log_impl.cc(214)] [23:24:31.142] USB: usb_device_handle_win.cc:1048 Failed to read descriptor from node connection: 시스템에 부착된 장치가 작동하지 않습니다. (0x1F)
11월 01, 2021 23:24:31.142 [20432:21764:1101/232431.141:ERROR:device_event_log_impl.cc(214)] [23:24:31.142] USB: usb_device_handle_win.cc:1048 Failed to read descriptor from node connection: 시스템에 부착된 장치가 작동하지 않습니다. (0x1F)

1월 16, 2022 20:30:00.441 NEW SESSION
1월 16, 2022 20:30:00.441 [11376:18980:0116/203000.438:ERROR:chrome_browser_main_extra_parts_metrics.cc(227)] START: ReportBluetoothAvailability(). If you don't see the END: message, this is crbug.com/1216328.
1월 16, 2022 20:30:00.442 [11376:18980:0116/203000.438:ERROR:chrome_browser_main_extra_parts_metrics.cc(230)] END: ReportBluetoothAvailability()
1월 16, 2022 20:30:00.442 [11376:18980:0116/203000.438:ERROR:chrome_browser_main_extra_parts_metrics.cc(235)] START: GetDefaultBrowser(). If you don't see the END: message, this is crbug.com/1216328.
1월 16, 2022 20:30:00.442 [11376:18980:0116/203000.440:ERROR:chrome_browser_main_extra_parts_metrics.cc(239)] END: GetDefaultBrowser()
1월 16, 2022 20:30:00.447 [11376:11268:0116/203000.447:ERROR:device_event_log_impl.cc(214)] [20:30:00.447] USB: usb_device_handle_win.cc:1050 Failed to read descriptor from node connection: 시스템에 부착된 장치가 작동하지 않습니다. (0x1F)
1월 16, 2022 20:30:00.448 [11376:11268:0116/203000.448:ERROR:device_event_log_impl.cc(214)] [20:30:00.448] USB: usb_device_handle_win.cc:1050 Failed to read descriptor from node connection: 시스템에 부착된 장치가 작동하지 않습니다. (0x1F)
1월 16, 2022 20:30:00.449 [11376:11268:0116/203000.448:ERROR:device_event_log_impl.cc(214)] [20:30:00.448] USB: usb_device_handle_win.cc:1050 Failed to read descriptor from node connection: 시스템에 부착된 장치가 작동하지 않습니다. (0x1F)
1월 16, 2022 20:30:22.321 [14980:4836:0116/203022.320:ERROR:chrome_browser_main_extra_parts_metrics.cc(227)] START: ReportBluetoothAvailability(). If you don't see the END: message, this is crbug.com/1216328.
1월 16, 2022 20:30:22.322 [14980:4836:0116/203022.320:ERROR:chrome_browser_main_extra_parts_metrics.cc(230)] END: ReportBluetoothAvailability()
1월 16, 2022 20:30:22.323 [14980:4836:0116/203022.320:ERROR:chrome_browser_main_extra_parts_metrics.cc(235)] START: GetDefaultBrowser(). If you don't see the END: message, this is crbug.com/1216328.
1월 16, 2022 20:30:22.324 [14980:4836:0116/203022.321:ERROR:chrome_browser_main_extra_parts_metrics.cc(239)] END: GetDefaultBrowser()
1월 16, 2022 20:30:22.333 [14980:16120:0116/203022.332:ERROR:device_event_log_impl.cc(214)] [20:30:22.332] USB: usb_device_handle_win.cc:1050 Failed to read descriptor from node connection: 시스템에 부착된 장치가 작동하지 않습니다. (0x1F)
1월 16, 2022 20:30:22.333 [14980:16120:0116/203022.333:ERROR:device_event_log_impl.cc(214)] [20:30:22.332] USB: usb_device_handle_win.cc:1050 Failed to read descriptor from node connection: 시스템에 부착된 장치가 작동하지 않습니다. (0x1F)
1월 16, 2022 20:30:22.333 [14980:16120:0116/203022.333:ERROR:device_event_log_impl.cc(214)] [20:30:22.332] USB: usb_device_handle_win.cc:1050 Failed to read descriptor from node connection: 시스템에 부착된 장치가 작동하지 않습니다. (0x1F)

2월 01, 2022 21:59:05.519 NEW SESSION
2월 01, 2022 21:59:05.519 [6668:7596:0201/215905.519:ERROR:chrome_browser_main_extra_parts_metrics.cc(227)] START: ReportBluetoothAvailability(). If you don't see the END: message, this is crbug.com/1216328.
2월 01, 2022 21:59:05.528 [6668:7596:0201/215905.519:ERROR:chrome_browser_main_extra_parts_metrics.cc(230)] END: ReportBluetoothAvailability()
2월 01, 2022 21:59:05.528 [6668:7596:0201/215905.519:ERROR:chrome_browser_main_extra_parts_metrics.cc(235)] START: GetDefaultBrowser(). If you don't see the END: message, this is crbug.com/1216328.
2월 01, 2022 21:59:05.529 [6668:7596:0201/215905.519:ERROR:chrome_browser_main_extra_parts_metrics.cc(239)] END: GetDefaultBrowser()
2월 01, 2022 21:59:05.529 [6668:16728:0201/215905.528:ERROR:device_event_log_impl.cc(214)] [21:59:05.528] USB: usb_device_handle_win.cc:1050 Failed to read descriptor from node connection: 시스템에 부착된 장치가 작동하지 않습니다. (0x1F)
2월 01, 2022 21:59:05.530 [6668:16728:0201/215905.529:ERROR:device_event_log_impl.cc(214)] [21:59:05.529] USB: usb_device_handle_win.cc:1050 Failed to read descriptor from node connection: 시스템에 부착된 장치가 작동하지 않습니다. (0x1F)
2월 01, 2022 21:59:05.530 [6668:16728:0201/215905.529:ERROR:device_event_log_impl.cc(214)] [21:59:05.529] USB: usb_device_handle_win.cc:1050 Failed to read descriptor from node connection: 시스템에 부착된 장치가 작동하지 않습니다. (0x1F)

2월 04, 2022 23:38:30.258 NEW SESSION
2월 04, 2022 23:38:30.258 [15608:14236:0204/233830.255:ERROR:chrome_browser_main_extra_parts_metrics.cc(227)] START: ReportBluetoothAvailability(). If you don't see the END: message, this is crbug.com/1216328.
2월 04, 2022 23:38:30.267 [15608:14236:0204/233830.255:ERROR:chrome_browser_main_extra_parts_metrics.cc(230)] END: ReportBluetoothAvailability()
2월 04, 2022 23:38:30.268 [15608:14236:0204/233830.255:ERROR:chrome_browser_main_extra_parts_metrics.cc(235)] START: GetDefaultBrowser(). If you don't see the END: message, this is crbug.com/1216328.
2월 04, 2022 23:38:30.269 [15608:14236:0204/233830.256:ERROR:chrome_browser_main_extra_parts_metrics.cc(239)] END: GetDefaultBrowser()
2월 04, 2022 23:38:30.269 [15608:2232:0204/233830.265:ERROR:device_event_log_impl.cc(214)] [23:38:30.266] USB: usb_device_handle_win.cc:1050 Failed to read descriptor from node connection: 시스템에 부착된 장치가 작동하지 않습니다. (0x1F)
2월 04, 2022 23:38:30.270 [15608:2232:0204/233830.265:ERROR:device_event_log_impl.cc(214)] [23:38:30.266] USB: usb_device_handle_win.cc:1050 Failed to read descriptor from node connection: 시스템에 부착된 장치가 작동하지 않습니다. (0x1F)
2월 04, 2022 23:38:30.270 [15608:2232:0204/233830.265:ERROR:device_event_log_impl.cc(214)] [23:38:30.266] USB: usb_device_handle_win.cc:1050 Failed to read descriptor from node connection: 시스템에 부착된 장치가 작동하지 않습니다. (0x1F)
2월 04, 2022 23:55:06.435 [15608:2232:0204/235506.435:ERROR:interface_endpoint_client.cc(658)] Message 1 rejected by interface blink.mojom.WidgetHost
