2021-09-29 20:05:37,112 [Worker-5: Loading available Gradle versions] INFO  o.e.b.c.i.u.g.PublishedGradleVersions - Gradle version information cache is up-to-date. Trying to read.
2021-09-29 23:11:45,643 [Worker-3: Loading available Gradle versions] INFO  o.e.b.c.i.u.g.PublishedGradleVersions - Gradle version information cache is up-to-date. Trying to read.
2021-09-29 23:15:01,801 [Worker-4: Loading available Gradle versions] INFO  o.e.b.c.i.u.g.PublishedGradleVersions - Gradle version information cache is up-to-date. Trying to read.
2021-09-29 23:27:44,393 [Worker-0: Loading available Gradle versions] INFO  o.e.b.c.i.u.g.PublishedGradleVersions - Gradle version information cache is up-to-date. Trying to read.
2021-09-30 16:54:51,296 [Worker-0: Loading available Gradle versions] INFO  o.e.b.c.i.u.g.PublishedGradleVersions - Gradle version information cache is up-to-date. Trying to read.
2021-09-30 17:16:54,139 [Worker-2: Loading available Gradle versions] INFO  o.e.b.c.i.u.g.PublishedGradleVersions - Gradle version information cache is up-to-date. Trying to read.
2021-09-30 17:53:17,019 [Worker-3: Loading available Gradle versions] INFO  o.e.b.c.i.u.g.PublishedGradleVersions - Gradle version information cache is out-of-date. Trying to update.
2021-09-30 18:03:55,914 [Worker-0: Loading available Gradle versions] INFO  o.e.b.c.i.u.g.PublishedGradleVersions - Gradle version information cache is up-to-date. Trying to read.
2021-09-30 19:47:20,990 [Worker-3: Loading available Gradle versions] INFO  o.e.b.c.i.u.g.PublishedGradleVersions - Gradle version information cache is up-to-date. Trying to read.
2021-10-01 17:44:03,279 [Worker-0: Loading available Gradle versions] INFO  o.e.b.c.i.u.g.PublishedGradleVersions - Gradle version information cache is up-to-date. Trying to read.
2021-10-05 18:03:39,452 [Worker-28: Loading available Gradle versions] INFO  o.e.b.c.i.u.g.PublishedGradleVersions - Gradle version information cache is up-to-date. Trying to read.
2021-10-06 18:38:57,802 [Worker-7: Loading available Gradle versions] INFO  o.e.b.c.i.u.g.PublishedGradleVersions - Gradle version information cache is up-to-date. Trying to read.
2021-10-06 22:44:47,029 [Worker-0: Loading available Gradle versions] INFO  o.e.b.c.i.u.g.PublishedGradleVersions - Gradle version information cache is up-to-date. Trying to read.
2021-10-07 17:03:47,267 [Worker-2: Loading available Gradle versions] INFO  o.e.b.c.i.u.g.PublishedGradleVersions - Gradle version information cache is up-to-date. Trying to read.
2021-10-07 18:13:15,912 [Worker-4: Loading available Gradle versions] INFO  o.e.b.c.i.u.g.PublishedGradleVersions - Gradle version information cache is out-of-date. Trying to update.
2021-10-11 17:13:03,241 [Worker-0: Loading available Gradle versions] INFO  o.e.b.c.i.u.g.PublishedGradleVersions - Gradle version information cache is out-of-date. Trying to update.
2021-10-12 18:58:34,996 [Worker-4: Loading available Gradle versions] INFO  o.e.b.c.i.u.g.PublishedGradleVersions - Gradle version information cache is out-of-date. Trying to update.
2021-10-12 20:25:56,824 [Worker-3: Loading available Gradle versions] INFO  o.e.b.c.i.u.g.PublishedGradleVersions - Gradle version information cache is up-to-date. Trying to read.
2021-10-12 20:27:46,092 [Worker-4: Loading available Gradle versions] INFO  o.e.b.c.i.u.g.PublishedGradleVersions - Gradle version information cache is up-to-date. Trying to read.
2021-10-12 20:40:15,527 [Worker-2: Loading available Gradle versions] INFO  o.e.b.c.i.u.g.PublishedGradleVersions - Gradle version information cache is up-to-date. Trying to read.
2021-10-12 20:56:02,897 [Worker-0: Loading available Gradle versions] INFO  o.e.b.c.i.u.g.PublishedGradleVersions - Gradle version information cache is up-to-date. Trying to read.
2021-10-13 16:51:44,809 [Worker-4: Loading available Gradle versions] INFO  o.e.b.c.i.u.g.PublishedGradleVersions - Gradle version information cache is up-to-date. Trying to read.
2021-10-13 19:13:11,868 [Worker-0: Loading available Gradle versions] INFO  o.e.b.c.i.u.g.PublishedGradleVersions - Gradle version information cache is out-of-date. Trying to update.
2021-10-14 02:01:51,808 [Worker-2: Loading available Gradle versions] INFO  o.e.b.c.i.u.g.PublishedGradleVersions - Gradle version information cache is up-to-date. Trying to read.
2021-10-14 02:25:20,390 [Worker-3: Loading available Gradle versions] INFO  o.e.b.c.i.u.g.PublishedGradleVersions - Gradle version information cache is up-to-date. Trying to read.
2021-10-14 03:37:27,962 [Worker-2: Loading available Gradle versions] INFO  o.e.b.c.i.u.g.PublishedGradleVersions - Gradle version information cache is up-to-date. Trying to read.
2021-10-14 17:53:17,488 [Worker-3: Loading available Gradle versions] INFO  o.e.b.c.i.u.g.PublishedGradleVersions - Gradle version information cache is up-to-date. Trying to read.
2021-10-14 23:47:35,595 [Worker-0: Loading available Gradle versions] INFO  o.e.b.c.i.u.g.PublishedGradleVersions - Gradle version information cache is out-of-date. Trying to update.
2021-10-20 18:13:31,490 [Worker-1: Loading available Gradle versions] INFO  o.e.b.c.i.u.g.PublishedGradleVersions - Gradle version information cache is up-to-date. Trying to read.
2021-10-20 22:53:48,558 [Worker-5: Loading available Gradle versions] INFO  o.e.b.c.i.u.g.PublishedGradleVersions - Gradle version information cache is up-to-date. Trying to read.
2021-10-20 23:11:18,186 [Worker-0: Loading available Gradle versions] INFO  o.e.b.c.i.u.g.PublishedGradleVersions - Gradle version information cache is up-to-date. Trying to read.
2021-10-20 23:31:07,060 [Worker-3: Loading available Gradle versions] INFO  o.e.b.c.i.u.g.PublishedGradleVersions - Gradle version information cache is up-to-date. Trying to read.
2021-10-21 18:10:50,157 [Worker-5: Loading available Gradle versions] INFO  o.e.b.c.i.u.g.PublishedGradleVersions - Gradle version information cache is up-to-date. Trying to read.
2021-10-27 18:10:19,096 [Worker-3: Loading available Gradle versions] INFO  o.e.b.c.i.u.g.PublishedGradleVersions - Gradle version information cache is up-to-date. Trying to read.
2021-10-27 23:01:04,589 [Worker-0: Loading available Gradle versions] INFO  o.e.b.c.i.u.g.PublishedGradleVersions - Gradle version information cache is up-to-date. Trying to read.
2021-10-28 17:55:18,940 [Worker-4: Loading available Gradle versions] INFO  o.e.b.c.i.u.g.PublishedGradleVersions - Gradle version information cache is out-of-date. Trying to update.
2021-10-28 23:15:47,946 [Worker-0: Loading available Gradle versions] INFO  o.e.b.c.i.u.g.PublishedGradleVersions - Gradle version information cache is up-to-date. Trying to read.
2021-10-29 01:52:27,942 [Worker-3: Loading available Gradle versions] INFO  o.e.b.c.i.u.g.PublishedGradleVersions - Gradle version information cache is up-to-date. Trying to read.
2021-10-29 17:30:09,955 [Worker-5: Loading available Gradle versions] INFO  o.e.b.c.i.u.g.PublishedGradleVersions - Gradle version information cache is up-to-date. Trying to read.
2021-10-30 22:16:10,391 [Worker-0: Loading available Gradle versions] INFO  o.e.b.c.i.u.g.PublishedGradleVersions - Gradle version information cache is out-of-date. Trying to update.
2021-11-01 18:05:21,544 [Worker-2: Loading available Gradle versions] INFO  o.e.b.c.i.u.g.PublishedGradleVersions - Gradle version information cache is out-of-date. Trying to update.
2021-11-01 23:19:10,041 [Worker-0: Loading available Gradle versions] INFO  o.e.b.c.i.u.g.PublishedGradleVersions - Gradle version information cache is up-to-date. Trying to read.
2021-11-02 17:47:41,379 [Worker-0: Loading available Gradle versions] INFO  o.e.b.c.i.u.g.PublishedGradleVersions - Gradle version information cache is up-to-date. Trying to read.
2021-11-02 20:23:35,605 [Worker-5: Loading available Gradle versions] INFO  o.e.b.c.i.u.g.PublishedGradleVersions - Gradle version information cache is out-of-date. Trying to update.
2021-11-02 23:54:43,380 [Worker-3: Loading available Gradle versions] INFO  o.e.b.c.i.u.g.PublishedGradleVersions - Gradle version information cache is up-to-date. Trying to read.
2021-11-03 01:59:06,549 [Worker-5: Loading available Gradle versions] INFO  o.e.b.c.i.u.g.PublishedGradleVersions - Gradle version information cache is up-to-date. Trying to read.
2021-11-03 18:10:58,668 [Worker-5: Loading available Gradle versions] INFO  o.e.b.c.i.u.g.PublishedGradleVersions - Gradle version information cache is up-to-date. Trying to read.
2021-11-03 22:12:24,257 [Worker-3: Loading available Gradle versions] INFO  o.e.b.c.i.u.g.PublishedGradleVersions - Gradle version information cache is out-of-date. Trying to update.
2021-11-05 04:05:51,650 [Worker-2: Loading available Gradle versions] INFO  o.e.b.c.i.u.g.PublishedGradleVersions - Gradle version information cache is out-of-date. Trying to update.
2021-11-06 02:49:10,946 [Worker-5: Loading available Gradle versions] INFO  o.e.b.c.i.u.g.PublishedGradleVersions - Gradle version information cache is up-to-date. Trying to read.
2021-11-07 22:37:49,076 [Worker-2: Loading available Gradle versions] INFO  o.e.b.c.i.u.g.PublishedGradleVersions - Gradle version information cache is out-of-date. Trying to update.
2021-11-08 19:09:02,507 [Worker-4: Loading available Gradle versions] INFO  o.e.b.c.i.u.g.PublishedGradleVersions - Gradle version information cache is up-to-date. Trying to read.
2021-11-09 07:26:43,095 [Worker-4: Loading available Gradle versions] INFO  o.e.b.c.i.u.g.PublishedGradleVersions - Gradle version information cache is out-of-date. Trying to update.
2021-11-09 23:51:41,999 [Worker-4: Loading available Gradle versions] INFO  o.e.b.c.i.u.g.PublishedGradleVersions - Gradle version information cache is up-to-date. Trying to read.
2021-11-10 03:50:56,017 [Worker-4: Loading available Gradle versions] INFO  o.e.b.c.i.u.g.PublishedGradleVersions - Gradle version information cache is up-to-date. Trying to read.
2021-11-15 19:58:05,720 [Worker-3: Loading available Gradle versions] INFO  o.e.b.c.i.u.g.PublishedGradleVersions - Gradle version information cache is up-to-date. Trying to read.
2021-11-17 16:52:16,469 [Worker-3: Loading available Gradle versions] INFO  o.e.b.c.i.u.g.PublishedGradleVersions - Gradle version information cache is out-of-date. Trying to update.
2021-11-17 19:57:44,883 [Worker-111: Building] INFO  o.e.m.c.i.e.AbstractTransferListenerAdapter - Downloading https://repo.maven.apache.org/maven2/org/apache/maven/plugins/maven-compiler-plugin/3.8.0/maven-compiler-plugin-3.8.0.jar
2021-11-17 19:57:45,260 [Worker-111: Building] INFO  o.e.m.c.i.e.AbstractTransferListenerAdapter - Downloaded https://repo.maven.apache.org/maven2/org/apache/maven/plugins/maven-compiler-plugin/3.8.0/maven-compiler-plugin-3.8.0.jar
2021-11-17 19:57:45,658 [Worker-111: Building] INFO  o.e.m.c.i.e.AbstractTransferListenerAdapter - Downloading https://repo.maven.apache.org/maven2/org/apache/maven/plugins/maven-compiler-plugin/3.8.0/maven-compiler-plugin-3.8.0.pom
2021-11-17 19:57:45,872 [Worker-111: Building] INFO  o.e.m.c.i.e.AbstractTransferListenerAdapter - Downloaded https://repo.maven.apache.org/maven2/org/apache/maven/plugins/maven-compiler-plugin/3.8.0/maven-compiler-plugin-3.8.0.pom
2021-11-17 19:57:46,066 [Worker-111: Building] INFO  o.e.m.c.i.e.AbstractTransferListenerAdapter - Downloading https://repo.maven.apache.org/maven2/org/apache/maven/plugins/maven-plugins/32/maven-plugins-32.pom
2021-11-17 19:57:46,286 [Worker-111: Building] INFO  o.e.m.c.i.e.AbstractTransferListenerAdapter - Downloaded https://repo.maven.apache.org/maven2/org/apache/maven/plugins/maven-plugins/32/maven-plugins-32.pom
2021-11-17 19:57:46,468 [Worker-111: Building] INFO  o.e.m.c.i.e.AbstractTransferListenerAdapter - Downloading https://repo.maven.apache.org/maven2/org/apache/maven/maven-parent/32/maven-parent-32.pom
2021-11-17 19:57:46,675 [Worker-111: Building] INFO  o.e.m.c.i.e.AbstractTransferListenerAdapter - Downloaded https://repo.maven.apache.org/maven2/org/apache/maven/maven-parent/32/maven-parent-32.pom
2021-11-17 19:57:46,855 [Worker-111: Building] INFO  o.e.m.c.i.e.AbstractTransferListenerAdapter - Downloading https://repo.maven.apache.org/maven2/org/apache/apache/20/apache-20.pom
2021-11-17 19:57:47,032 [Worker-111: Building] INFO  o.e.m.c.i.e.AbstractTransferListenerAdapter - Downloaded https://repo.maven.apache.org/maven2/org/apache/apache/20/apache-20.pom
2021-11-17 19:57:48,338 [Worker-111: Building] INFO  o.e.m.c.i.l.LifecycleMappingFactory - Using org.maven.ide.eclipse.wtp.WarLifecycleMapping lifecycle mapping for MavenProject: com.min.edu:20201211_AnswerboardTEST:0.0.1-SNAPSHOT @ C:\Users\82107\Downloads\Answerboard-main\Answerboard-main\20201211_AnswerboardTEST\pom.xml.
2021-11-17 19:57:50,677 [Worker-111: Building] INFO  o.e.m.c.i.e.AbstractTransferListenerAdapter - Downloaded http://maven.jahia.org/maven2/org/springframework/spring-context/4.0.1.RELEASE/spring-context-4.0.1.RELEASE.pom
2021-11-17 19:57:51,496 [Worker-111: Building] INFO  o.e.m.c.i.e.AbstractTransferListenerAdapter - Downloading https://repo.maven.apache.org/maven2/org/springframework/spring-context/4.0.1.RELEASE/spring-context-4.0.1.RELEASE.pom
2021-11-17 19:57:51,908 [Worker-111: Building] INFO  o.e.m.c.i.e.AbstractTransferListenerAdapter - Downloaded https://repo.maven.apache.org/maven2/org/springframework/spring-context/4.0.1.RELEASE/spring-context-4.0.1.RELEASE.pom
2021-11-17 19:57:52,623 [Worker-111: Building] INFO  o.e.m.c.i.e.AbstractTransferListenerAdapter - Downloaded http://maven.jahia.org/maven2/org/springframework/spring-aop/4.0.1.RELEASE/spring-aop-4.0.1.RELEASE.pom
2021-11-17 19:57:52,824 [Worker-111: Building] INFO  o.e.m.c.i.e.AbstractTransferListenerAdapter - Downloading https://repo.maven.apache.org/maven2/org/springframework/spring-aop/4.0.1.RELEASE/spring-aop-4.0.1.RELEASE.pom
2021-11-17 19:57:53,034 [Worker-111: Building] INFO  o.e.m.c.i.e.AbstractTransferListenerAdapter - Downloaded https://repo.maven.apache.org/maven2/org/springframework/spring-aop/4.0.1.RELEASE/spring-aop-4.0.1.RELEASE.pom
2021-11-17 19:57:53,755 [Worker-111: Building] INFO  o.e.m.c.i.e.AbstractTransferListenerAdapter - Downloaded http://maven.jahia.org/maven2/org/springframework/spring-beans/4.0.1.RELEASE/spring-beans-4.0.1.RELEASE.pom
2021-11-17 19:57:53,951 [Worker-111: Building] INFO  o.e.m.c.i.e.AbstractTransferListenerAdapter - Downloading https://repo.maven.apache.org/maven2/org/springframework/spring-beans/4.0.1.RELEASE/spring-beans-4.0.1.RELEASE.pom
2021-11-17 19:57:54,165 [Worker-111: Building] INFO  o.e.m.c.i.e.AbstractTransferListenerAdapter - Downloaded https://repo.maven.apache.org/maven2/org/springframework/spring-beans/4.0.1.RELEASE/spring-beans-4.0.1.RELEASE.pom
2021-11-17 19:57:54,975 [Worker-111: Building] INFO  o.e.m.c.i.e.AbstractTransferListenerAdapter - Downloaded http://maven.jahia.org/maven2/org/springframework/spring-core/4.0.1.RELEASE/spring-core-4.0.1.RELEASE.pom
2021-11-17 19:57:55,180 [Worker-111: Building] INFO  o.e.m.c.i.e.AbstractTransferListenerAdapter - Downloading https://repo.maven.apache.org/maven2/org/springframework/spring-core/4.0.1.RELEASE/spring-core-4.0.1.RELEASE.pom
2021-11-17 19:57:55,392 [Worker-111: Building] INFO  o.e.m.c.i.e.AbstractTransferListenerAdapter - Downloaded https://repo.maven.apache.org/maven2/org/springframework/spring-core/4.0.1.RELEASE/spring-core-4.0.1.RELEASE.pom
2021-11-17 19:57:56,102 [Worker-111: Building] INFO  o.e.m.c.i.e.AbstractTransferListenerAdapter - Downloaded http://maven.jahia.org/maven2/org/springframework/spring-expression/4.0.1.RELEASE/spring-expression-4.0.1.RELEASE.pom
2021-11-17 19:57:56,306 [Worker-111: Building] INFO  o.e.m.c.i.e.AbstractTransferListenerAdapter - Downloading https://repo.maven.apache.org/maven2/org/springframework/spring-expression/4.0.1.RELEASE/spring-expression-4.0.1.RELEASE.pom
2021-11-17 19:57:56,523 [Worker-111: Building] INFO  o.e.m.c.i.e.AbstractTransferListenerAdapter - Downloaded https://repo.maven.apache.org/maven2/org/springframework/spring-expression/4.0.1.RELEASE/spring-expression-4.0.1.RELEASE.pom
2021-11-17 19:57:57,331 [Worker-111: Building] INFO  o.e.m.c.i.e.AbstractTransferListenerAdapter - Downloaded http://maven.jahia.org/maven2/org/springframework/spring-webmvc/4.0.1.RELEASE/spring-webmvc-4.0.1.RELEASE.pom
2021-11-17 19:57:57,535 [Worker-111: Building] INFO  o.e.m.c.i.e.AbstractTransferListenerAdapter - Downloading https://repo.maven.apache.org/maven2/org/springframework/spring-webmvc/4.0.1.RELEASE/spring-webmvc-4.0.1.RELEASE.pom
2021-11-17 19:57:57,745 [Worker-111: Building] INFO  o.e.m.c.i.e.AbstractTransferListenerAdapter - Downloaded https://repo.maven.apache.org/maven2/org/springframework/spring-webmvc/4.0.1.RELEASE/spring-webmvc-4.0.1.RELEASE.pom
2021-11-17 19:57:58,543 [Worker-111: Building] INFO  o.e.m.c.i.e.AbstractTransferListenerAdapter - Downloaded http://maven.jahia.org/maven2/org/springframework/spring-web/4.0.1.RELEASE/spring-web-4.0.1.RELEASE.pom
2021-11-17 19:57:58,712 [Worker-111: Building] INFO  o.e.m.c.i.e.AbstractTransferListenerAdapter - Downloading https://repo.maven.apache.org/maven2/org/springframework/spring-web/4.0.1.RELEASE/spring-web-4.0.1.RELEASE.pom
2021-11-17 19:57:58,977 [Worker-111: Building] INFO  o.e.m.c.i.e.AbstractTransferListenerAdapter - Downloaded https://repo.maven.apache.org/maven2/org/springframework/spring-web/4.0.1.RELEASE/spring-web-4.0.1.RELEASE.pom
2021-11-17 19:57:59,685 [Worker-111: Building] INFO  o.e.m.c.i.e.AbstractTransferListenerAdapter - Downloaded http://maven.jahia.org/maven2/org/mybatis/mybatis/3.5.5/mybatis-3.5.5.pom
2021-11-17 19:57:59,889 [Worker-111: Building] INFO  o.e.m.c.i.e.AbstractTransferListenerAdapter - Downloading https://repo.maven.apache.org/maven2/org/mybatis/mybatis/3.5.5/mybatis-3.5.5.pom
2021-11-17 19:58:00,109 [Worker-111: Building] INFO  o.e.m.c.i.e.AbstractTransferListenerAdapter - Downloaded https://repo.maven.apache.org/maven2/org/mybatis/mybatis/3.5.5/mybatis-3.5.5.pom
2021-11-17 19:58:00,914 [Worker-111: Building] INFO  o.e.m.c.i.e.AbstractTransferListenerAdapter - Downloaded http://maven.jahia.org/maven2/org/mybatis/mybatis-parent/31/mybatis-parent-31.pom
2021-11-17 19:58:01,121 [Worker-111: Building] INFO  o.e.m.c.i.e.AbstractTransferListenerAdapter - Downloading https://repo.maven.apache.org/maven2/org/mybatis/mybatis-parent/31/mybatis-parent-31.pom
2021-11-17 19:58:01,438 [Worker-111: Building] INFO  o.e.m.c.i.e.AbstractTransferListenerAdapter - Downloaded https://repo.maven.apache.org/maven2/org/mybatis/mybatis-parent/31/mybatis-parent-31.pom
2021-11-17 19:58:02,771 [Worker-111: Building] INFO  o.e.m.c.i.e.AbstractTransferListenerAdapter - Downloaded http://maven.jahia.org/maven2/com/oracle/ojdbc6/12.1.0.2/ojdbc6-12.1.0.2.pom
2021-11-17 19:58:03,475 [Worker-111: Building] INFO  o.e.m.c.i.e.AbstractTransferListenerAdapter - Downloaded http://maven.jahia.org/maven2/org/springframework/spring-orm/4.0.1.RELEASE/spring-orm-4.0.1.RELEASE.pom
2021-11-17 19:58:03,678 [Worker-111: Building] INFO  o.e.m.c.i.e.AbstractTransferListenerAdapter - Downloading https://repo.maven.apache.org/maven2/org/springframework/spring-orm/4.0.1.RELEASE/spring-orm-4.0.1.RELEASE.pom
2021-11-17 19:58:03,888 [Worker-111: Building] INFO  o.e.m.c.i.e.AbstractTransferListenerAdapter - Downloaded https://repo.maven.apache.org/maven2/org/springframework/spring-orm/4.0.1.RELEASE/spring-orm-4.0.1.RELEASE.pom
2021-11-17 19:58:04,600 [Worker-111: Building] INFO  o.e.m.c.i.e.AbstractTransferListenerAdapter - Downloaded http://maven.jahia.org/maven2/org/springframework/spring-jdbc/4.0.1.RELEASE/spring-jdbc-4.0.1.RELEASE.pom
2021-11-17 19:58:04,773 [Worker-111: Building] INFO  o.e.m.c.i.e.AbstractTransferListenerAdapter - Downloading https://repo.maven.apache.org/maven2/org/springframework/spring-jdbc/4.0.1.RELEASE/spring-jdbc-4.0.1.RELEASE.pom
2021-11-17 19:58:05,019 [Worker-111: Building] INFO  o.e.m.c.i.e.AbstractTransferListenerAdapter - Downloaded https://repo.maven.apache.org/maven2/org/springframework/spring-jdbc/4.0.1.RELEASE/spring-jdbc-4.0.1.RELEASE.pom
2021-11-17 19:58:05,829 [Worker-111: Building] INFO  o.e.m.c.i.e.AbstractTransferListenerAdapter - Downloaded http://maven.jahia.org/maven2/org/springframework/spring-tx/4.0.1.RELEASE/spring-tx-4.0.1.RELEASE.pom
2021-11-17 19:58:06,033 [Worker-111: Building] INFO  o.e.m.c.i.e.AbstractTransferListenerAdapter - Downloading https://repo.maven.apache.org/maven2/org/springframework/spring-tx/4.0.1.RELEASE/spring-tx-4.0.1.RELEASE.pom
2021-11-17 19:58:06,245 [Worker-111: Building] INFO  o.e.m.c.i.e.AbstractTransferListenerAdapter - Downloaded https://repo.maven.apache.org/maven2/org/springframework/spring-tx/4.0.1.RELEASE/spring-tx-4.0.1.RELEASE.pom
2021-11-17 19:58:06,958 [Worker-111: Building] INFO  o.e.m.c.i.e.AbstractTransferListenerAdapter - Downloaded http://maven.jahia.org/maven2/org/mybatis/mybatis-spring/1.3.2/mybatis-spring-1.3.2.pom
2021-11-17 19:58:07,142 [Worker-111: Building] INFO  o.e.m.c.i.e.AbstractTransferListenerAdapter - Downloading https://repo.maven.apache.org/maven2/org/mybatis/mybatis-spring/1.3.2/mybatis-spring-1.3.2.pom
2021-11-17 19:58:07,372 [Worker-111: Building] INFO  o.e.m.c.i.e.AbstractTransferListenerAdapter - Downloaded https://repo.maven.apache.org/maven2/org/mybatis/mybatis-spring/1.3.2/mybatis-spring-1.3.2.pom
2021-11-17 19:58:08,184 [Worker-111: Building] INFO  o.e.m.c.i.e.AbstractTransferListenerAdapter - Downloaded http://maven.jahia.org/maven2/org/mybatis/mybatis-parent/29/mybatis-parent-29.pom
2021-11-17 19:58:08,390 [Worker-111: Building] INFO  o.e.m.c.i.e.AbstractTransferListenerAdapter - Downloading https://repo.maven.apache.org/maven2/org/mybatis/mybatis-parent/29/mybatis-parent-29.pom
2021-11-17 19:58:08,607 [Worker-111: Building] INFO  o.e.m.c.i.e.AbstractTransferListenerAdapter - Downloaded https://repo.maven.apache.org/maven2/org/mybatis/mybatis-parent/29/mybatis-parent-29.pom
2021-11-17 19:58:09,412 [Worker-111: Building] INFO  o.e.m.c.i.e.AbstractTransferListenerAdapter - Downloaded http://maven.jahia.org/maven2/commons-dbcp/commons-dbcp/1.4/commons-dbcp-1.4.pom
2021-11-17 19:58:09,617 [Worker-111: Building] INFO  o.e.m.c.i.e.AbstractTransferListenerAdapter - Downloading https://repo.maven.apache.org/maven2/commons-dbcp/commons-dbcp/1.4/commons-dbcp-1.4.pom
2021-11-17 19:58:09,835 [Worker-111: Building] INFO  o.e.m.c.i.e.AbstractTransferListenerAdapter - Downloaded https://repo.maven.apache.org/maven2/commons-dbcp/commons-dbcp/1.4/commons-dbcp-1.4.pom
2021-11-17 19:58:10,641 [Worker-111: Building] INFO  o.e.m.c.i.e.AbstractTransferListenerAdapter - Downloaded http://maven.jahia.org/maven2/org/apache/commons/commons-parent/12/commons-parent-12.pom
2021-11-17 19:58:10,836 [Worker-111: Building] INFO  o.e.m.c.i.e.AbstractTransferListenerAdapter - Downloading https://repo.maven.apache.org/maven2/org/apache/commons/commons-parent/12/commons-parent-12.pom
2021-11-17 19:58:11,038 [Worker-111: Building] INFO  o.e.m.c.i.e.AbstractTransferListenerAdapter - Downloaded https://repo.maven.apache.org/maven2/org/apache/commons/commons-parent/12/commons-parent-12.pom
2021-11-17 19:58:11,768 [Worker-111: Building] INFO  o.e.m.c.i.e.AbstractTransferListenerAdapter - Downloaded http://maven.jahia.org/maven2/commons-pool/commons-pool/1.5.4/commons-pool-1.5.4.pom
2021-11-17 19:58:11,974 [Worker-111: Building] INFO  o.e.m.c.i.e.AbstractTransferListenerAdapter - Downloading https://repo.maven.apache.org/maven2/commons-pool/commons-pool/1.5.4/commons-pool-1.5.4.pom
2021-11-17 19:58:12,189 [Worker-111: Building] INFO  o.e.m.c.i.e.AbstractTransferListenerAdapter - Downloaded https://repo.maven.apache.org/maven2/commons-pool/commons-pool/1.5.4/commons-pool-1.5.4.pom
2021-11-17 19:58:12,997 [Worker-111: Building] INFO  o.e.m.c.i.e.AbstractTransferListenerAdapter - Downloaded http://maven.jahia.org/maven2/org/aspectj/aspectjrt/1.9.5/aspectjrt-1.9.5.pom
2021-11-17 19:58:13,190 [Worker-111: Building] INFO  o.e.m.c.i.e.AbstractTransferListenerAdapter - Downloading https://repo.maven.apache.org/maven2/org/aspectj/aspectjrt/1.9.5/aspectjrt-1.9.5.pom
2021-11-17 19:58:13,375 [Worker-111: Building] INFO  o.e.m.c.i.e.AbstractTransferListenerAdapter - Downloaded https://repo.maven.apache.org/maven2/org/aspectj/aspectjrt/1.9.5/aspectjrt-1.9.5.pom
2021-11-17 19:58:14,024 [Worker-111: Building] INFO  o.e.m.c.i.e.AbstractTransferListenerAdapter - Downloaded http://maven.jahia.org/maven2/org/aspectj/aspectjweaver/1.9.5/aspectjweaver-1.9.5.pom
2021-11-17 19:58:14,192 [Worker-111: Building] INFO  o.e.m.c.i.e.AbstractTransferListenerAdapter - Downloading https://repo.maven.apache.org/maven2/org/aspectj/aspectjweaver/1.9.5/aspectjweaver-1.9.5.pom
2021-11-17 19:58:14,440 [Worker-111: Building] INFO  o.e.m.c.i.e.AbstractTransferListenerAdapter - Downloaded https://repo.maven.apache.org/maven2/org/aspectj/aspectjweaver/1.9.5/aspectjweaver-1.9.5.pom
2021-11-17 19:58:15,250 [Worker-111: Building] INFO  o.e.m.c.i.e.AbstractTransferListenerAdapter - Downloaded http://maven.jahia.org/maven2/org/apache/commons/commons-lang3/3.11/commons-lang3-3.11.pom
2021-11-17 19:58:15,455 [Worker-111: Building] INFO  o.e.m.c.i.e.AbstractTransferListenerAdapter - Downloading https://repo.maven.apache.org/maven2/org/apache/commons/commons-lang3/3.11/commons-lang3-3.11.pom
2021-11-17 19:58:15,669 [Worker-111: Building] INFO  o.e.m.c.i.e.AbstractTransferListenerAdapter - Downloaded https://repo.maven.apache.org/maven2/org/apache/commons/commons-lang3/3.11/commons-lang3-3.11.pom
2021-11-17 19:58:16,481 [Worker-111: Building] INFO  o.e.m.c.i.e.AbstractTransferListenerAdapter - Downloaded http://maven.jahia.org/maven2/org/hibernate/hibernate-validator/6.1.0.Final/hibernate-validator-6.1.0.Final.pom
2021-11-17 19:58:16,683 [Worker-111: Building] INFO  o.e.m.c.i.e.AbstractTransferListenerAdapter - Downloading https://repo.maven.apache.org/maven2/org/hibernate/hibernate-validator/6.1.0.Final/hibernate-validator-6.1.0.Final.pom
2021-11-17 19:58:16,897 [Worker-111: Building] INFO  o.e.m.c.i.e.AbstractTransferListenerAdapter - Downloaded https://repo.maven.apache.org/maven2/org/hibernate/hibernate-validator/6.1.0.Final/hibernate-validator-6.1.0.Final.pom
2021-11-17 19:58:17,707 [Worker-111: Building] INFO  o.e.m.c.i.e.AbstractTransferListenerAdapter - Downloaded http://maven.jahia.org/maven2/org/hibernate/validator/hibernate-validator-relocation/6.1.0.Final/hibernate-validator-relocation-6.1.0.Final.pom
2021-11-17 19:58:17,913 [Worker-111: Building] INFO  o.e.m.c.i.e.AbstractTransferListenerAdapter - Downloading https://repo.maven.apache.org/maven2/org/hibernate/validator/hibernate-validator-relocation/6.1.0.Final/hibernate-validator-relocation-6.1.0.Final.pom
2021-11-17 19:58:18,126 [Worker-111: Building] INFO  o.e.m.c.i.e.AbstractTransferListenerAdapter - Downloaded https://repo.maven.apache.org/maven2/org/hibernate/validator/hibernate-validator-relocation/6.1.0.Final/hibernate-validator-relocation-6.1.0.Final.pom
2021-11-17 19:58:18,937 [Worker-111: Building] INFO  o.e.m.c.i.e.AbstractTransferListenerAdapter - Downloaded http://maven.jahia.org/maven2/org/hibernate/validator/hibernate-validator-parent/6.1.0.Final/hibernate-validator-parent-6.1.0.Final.pom
2021-11-17 19:58:19,143 [Worker-111: Building] INFO  o.e.m.c.i.e.AbstractTransferListenerAdapter - Downloading https://repo.maven.apache.org/maven2/org/hibernate/validator/hibernate-validator-parent/6.1.0.Final/hibernate-validator-parent-6.1.0.Final.pom
2021-11-17 19:58:19,458 [Worker-111: Building] INFO  o.e.m.c.i.e.AbstractTransferListenerAdapter - Downloaded https://repo.maven.apache.org/maven2/org/hibernate/validator/hibernate-validator-parent/6.1.0.Final/hibernate-validator-parent-6.1.0.Final.pom
2021-11-17 19:58:20,268 [Worker-111: Building] INFO  o.e.m.c.i.e.AbstractTransferListenerAdapter - Downloaded http://maven.jahia.org/maven2/org/jboss/arquillian/arquillian-bom/1.1.11.Final/arquillian-bom-1.1.11.Final.pom
2021-11-17 19:58:20,472 [Worker-111: Building] INFO  o.e.m.c.i.e.AbstractTransferListenerAdapter - Downloading https://repo.maven.apache.org/maven2/org/jboss/arquillian/arquillian-bom/1.1.11.Final/arquillian-bom-1.1.11.Final.pom
2021-11-17 19:58:20,654 [Worker-111: Building] INFO  o.e.m.c.i.e.AbstractTransferListenerAdapter - Downloaded https://repo.maven.apache.org/maven2/org/jboss/arquillian/arquillian-bom/1.1.11.Final/arquillian-bom-1.1.11.Final.pom
2021-11-17 19:58:21,277 [Worker-111: Building] INFO  o.e.m.c.i.e.AbstractTransferListenerAdapter - Downloaded http://maven.jahia.org/maven2/org/jboss/shrinkwrap/shrinkwrap-bom/1.2.3/shrinkwrap-bom-1.2.3.pom
2021-11-17 19:58:21,496 [Worker-111: Building] INFO  o.e.m.c.i.e.AbstractTransferListenerAdapter - Downloading https://repo.maven.apache.org/maven2/org/jboss/shrinkwrap/shrinkwrap-bom/1.2.3/shrinkwrap-bom-1.2.3.pom
2021-11-17 19:58:21,679 [Worker-111: Building] INFO  o.e.m.c.i.e.AbstractTransferListenerAdapter - Downloaded https://repo.maven.apache.org/maven2/org/jboss/shrinkwrap/shrinkwrap-bom/1.2.3/shrinkwrap-bom-1.2.3.pom
2021-11-17 19:58:22,315 [Worker-111: Building] INFO  o.e.m.c.i.e.AbstractTransferListenerAdapter - Downloaded http://maven.jahia.org/maven2/org/jboss/shrinkwrap/resolver/shrinkwrap-resolver-bom/2.2.0/shrinkwrap-resolver-bom-2.2.0.pom
2021-11-17 19:58:22,520 [Worker-111: Building] INFO  o.e.m.c.i.e.AbstractTransferListenerAdapter - Downloading https://repo.maven.apache.org/maven2/org/jboss/shrinkwrap/resolver/shrinkwrap-resolver-bom/2.2.0/shrinkwrap-resolver-bom-2.2.0.pom
2021-11-17 19:58:22,733 [Worker-111: Building] INFO  o.e.m.c.i.e.AbstractTransferListenerAdapter - Downloaded https://repo.maven.apache.org/maven2/org/jboss/shrinkwrap/resolver/shrinkwrap-resolver-bom/2.2.0/shrinkwrap-resolver-bom-2.2.0.pom
2021-11-17 19:58:23,546 [Worker-111: Building] INFO  o.e.m.c.i.e.AbstractTransferListenerAdapter - Downloaded http://maven.jahia.org/maven2/org/jboss/shrinkwrap/descriptors/shrinkwrap-descriptors-bom/2.0.0-alpha-8/shrinkwrap-descriptors-bom-2.0.0-alpha-8.pom
2021-11-17 19:58:23,724 [Worker-111: Building] INFO  o.e.m.c.i.e.AbstractTransferListenerAdapter - Downloading https://repo.maven.apache.org/maven2/org/jboss/shrinkwrap/descriptors/shrinkwrap-descriptors-bom/2.0.0-alpha-8/shrinkwrap-descriptors-bom-2.0.0-alpha-8.pom
2021-11-17 19:58:23,910 [Worker-111: Building] INFO  o.e.m.c.i.e.AbstractTransferListenerAdapter - Downloaded https://repo.maven.apache.org/maven2/org/jboss/shrinkwrap/descriptors/shrinkwrap-descriptors-bom/2.0.0-alpha-8/shrinkwrap-descriptors-bom-2.0.0-alpha-8.pom
2021-11-17 19:58:24,676 [Worker-111: Building] INFO  o.e.m.c.i.e.AbstractTransferListenerAdapter - Downloaded http://maven.jahia.org/maven2/org/hibernate/validator/hibernate-validator/6.1.0.Final/hibernate-validator-6.1.0.Final.pom
2021-11-17 19:58:24,857 [Worker-111: Building] INFO  o.e.m.c.i.e.AbstractTransferListenerAdapter - Downloading https://repo.maven.apache.org/maven2/org/hibernate/validator/hibernate-validator/6.1.0.Final/hibernate-validator-6.1.0.Final.pom
2021-11-17 19:58:25,038 [Worker-111: Building] INFO  o.e.m.c.i.e.AbstractTransferListenerAdapter - Downloaded https://repo.maven.apache.org/maven2/org/hibernate/validator/hibernate-validator/6.1.0.Final/hibernate-validator-6.1.0.Final.pom
2021-11-17 19:58:25,796 [Worker-111: Building] INFO  o.e.m.c.i.e.AbstractTransferListenerAdapter - Downloaded http://maven.jahia.org/maven2/jakarta/validation/jakarta.validation-api/2.0.2/jakarta.validation-api-2.0.2.pom
2021-11-17 19:58:26,001 [Worker-111: Building] INFO  o.e.m.c.i.e.AbstractTransferListenerAdapter - Downloading https://repo.maven.apache.org/maven2/jakarta/validation/jakarta.validation-api/2.0.2/jakarta.validation-api-2.0.2.pom
2021-11-17 19:58:26,185 [Worker-111: Building] INFO  o.e.m.c.i.e.AbstractTransferListenerAdapter - Downloaded https://repo.maven.apache.org/maven2/jakarta/validation/jakarta.validation-api/2.0.2/jakarta.validation-api-2.0.2.pom
2021-11-17 19:58:26,824 [Worker-111: Building] INFO  o.e.m.c.i.e.AbstractTransferListenerAdapter - Downloaded http://maven.jahia.org/maven2/org/jboss/logging/jboss-logging/3.3.2.Final/jboss-logging-3.3.2.Final.pom
2021-11-17 19:58:27,027 [Worker-111: Building] INFO  o.e.m.c.i.e.AbstractTransferListenerAdapter - Downloading https://repo.maven.apache.org/maven2/org/jboss/logging/jboss-logging/3.3.2.Final/jboss-logging-3.3.2.Final.pom
2021-11-17 19:58:27,238 [Worker-111: Building] INFO  o.e.m.c.i.e.AbstractTransferListenerAdapter - Downloaded https://repo.maven.apache.org/maven2/org/jboss/logging/jboss-logging/3.3.2.Final/jboss-logging-3.3.2.Final.pom
2021-11-17 19:58:27,951 [Worker-111: Building] INFO  o.e.m.c.i.e.AbstractTransferListenerAdapter - Downloaded http://maven.jahia.org/maven2/org/jboss/jboss-parent/15/jboss-parent-15.pom
2021-11-17 19:58:28,146 [Worker-111: Building] INFO  o.e.m.c.i.e.AbstractTransferListenerAdapter - Downloading https://repo.maven.apache.org/maven2/org/jboss/jboss-parent/15/jboss-parent-15.pom
2021-11-17 19:58:28,383 [Worker-111: Building] INFO  o.e.m.c.i.e.AbstractTransferListenerAdapter - Downloaded https://repo.maven.apache.org/maven2/org/jboss/jboss-parent/15/jboss-parent-15.pom
2021-11-17 19:58:29,176 [Worker-111: Building] INFO  o.e.m.c.i.e.AbstractTransferListenerAdapter - Downloaded http://maven.jahia.org/maven2/com/fasterxml/classmate/1.3.4/classmate-1.3.4.pom
2021-11-17 19:58:29,381 [Worker-111: Building] INFO  o.e.m.c.i.e.AbstractTransferListenerAdapter - Downloading https://repo.maven.apache.org/maven2/com/fasterxml/classmate/1.3.4/classmate-1.3.4.pom
2021-11-17 19:58:29,591 [Worker-111: Building] INFO  o.e.m.c.i.e.AbstractTransferListenerAdapter - Downloaded https://repo.maven.apache.org/maven2/com/fasterxml/classmate/1.3.4/classmate-1.3.4.pom
2021-11-17 19:58:30,405 [Worker-111: Building] INFO  o.e.m.c.i.e.AbstractTransferListenerAdapter - Downloaded http://maven.jahia.org/maven2/com/fasterxml/oss-parent/24/oss-parent-24.pom
2021-11-17 19:58:30,611 [Worker-111: Building] INFO  o.e.m.c.i.e.AbstractTransferListenerAdapter - Downloading https://repo.maven.apache.org/maven2/com/fasterxml/oss-parent/24/oss-parent-24.pom
2021-11-17 19:58:30,792 [Worker-111: Building] INFO  o.e.m.c.i.e.AbstractTransferListenerAdapter - Downloaded https://repo.maven.apache.org/maven2/com/fasterxml/oss-parent/24/oss-parent-24.pom
2021-11-17 19:58:31,531 [Worker-111: Building] INFO  o.e.m.c.i.e.AbstractTransferListenerAdapter - Downloaded http://maven.jahia.org/maven2/org/springframework/security/spring-security-web/4.0.1.RELEASE/spring-security-web-4.0.1.RELEASE.pom
2021-11-17 19:58:31,744 [Worker-111: Building] INFO  o.e.m.c.i.e.AbstractTransferListenerAdapter - Downloading https://repo.maven.apache.org/maven2/org/springframework/security/spring-security-web/4.0.1.RELEASE/spring-security-web-4.0.1.RELEASE.pom
2021-11-17 19:58:31,935 [Worker-111: Building] INFO  o.e.m.c.i.e.AbstractTransferListenerAdapter - Downloaded https://repo.maven.apache.org/maven2/org/springframework/security/spring-security-web/4.0.1.RELEASE/spring-security-web-4.0.1.RELEASE.pom
2021-11-17 19:58:32,657 [Worker-111: Building] INFO  o.e.m.c.i.e.AbstractTransferListenerAdapter - Downloaded http://maven.jahia.org/maven2/org/springframework/spring-framework-bom/4.1.6.RELEASE/spring-framework-bom-4.1.6.RELEASE.pom
2021-11-17 19:58:32,862 [Worker-111: Building] INFO  o.e.m.c.i.e.AbstractTransferListenerAdapter - Downloading https://repo.maven.apache.org/maven2/org/springframework/spring-framework-bom/4.1.6.RELEASE/spring-framework-bom-4.1.6.RELEASE.pom
2021-11-17 19:58:33,076 [Worker-111: Building] INFO  o.e.m.c.i.e.AbstractTransferListenerAdapter - Downloaded https://repo.maven.apache.org/maven2/org/springframework/spring-framework-bom/4.1.6.RELEASE/spring-framework-bom-4.1.6.RELEASE.pom
2021-11-17 19:58:33,785 [Worker-111: Building] INFO  o.e.m.c.i.e.AbstractTransferListenerAdapter - Downloaded http://maven.jahia.org/maven2/org/springframework/security/spring-security-core/4.0.1.RELEASE/spring-security-core-4.0.1.RELEASE.pom
2021-11-17 19:58:33,989 [Worker-111: Building] INFO  o.e.m.c.i.e.AbstractTransferListenerAdapter - Downloading https://repo.maven.apache.org/maven2/org/springframework/security/spring-security-core/4.0.1.RELEASE/spring-security-core-4.0.1.RELEASE.pom
2021-11-17 19:58:34,302 [Worker-111: Building] INFO  o.e.m.c.i.e.AbstractTransferListenerAdapter - Downloaded https://repo.maven.apache.org/maven2/org/springframework/security/spring-security-core/4.0.1.RELEASE/spring-security-core-4.0.1.RELEASE.pom
2021-11-17 19:58:35,116 [Worker-111: Building] INFO  o.e.m.c.i.e.AbstractTransferListenerAdapter - Downloaded http://maven.jahia.org/maven2/org/springframework/spring-aop/4.1.6.RELEASE/spring-aop-4.1.6.RELEASE.pom
2021-11-17 19:58:35,320 [Worker-111: Building] INFO  o.e.m.c.i.e.AbstractTransferListenerAdapter - Downloading https://repo.maven.apache.org/maven2/org/springframework/spring-aop/4.1.6.RELEASE/spring-aop-4.1.6.RELEASE.pom
2021-11-17 19:58:35,540 [Worker-111: Building] INFO  o.e.m.c.i.e.AbstractTransferListenerAdapter - Downloaded https://repo.maven.apache.org/maven2/org/springframework/spring-aop/4.1.6.RELEASE/spring-aop-4.1.6.RELEASE.pom
2021-11-17 19:58:36,344 [Worker-111: Building] INFO  o.e.m.c.i.e.AbstractTransferListenerAdapter - Downloaded http://maven.jahia.org/maven2/org/springframework/spring-beans/4.1.6.RELEASE/spring-beans-4.1.6.RELEASE.pom
2021-11-17 19:58:36,549 [Worker-111: Building] INFO  o.e.m.c.i.e.AbstractTransferListenerAdapter - Downloading https://repo.maven.apache.org/maven2/org/springframework/spring-beans/4.1.6.RELEASE/spring-beans-4.1.6.RELEASE.pom
2021-11-17 19:58:36,727 [Worker-111: Building] INFO  o.e.m.c.i.e.AbstractTransferListenerAdapter - Downloaded https://repo.maven.apache.org/maven2/org/springframework/spring-beans/4.1.6.RELEASE/spring-beans-4.1.6.RELEASE.pom
2021-11-17 19:58:37,368 [Worker-111: Building] INFO  o.e.m.c.i.e.AbstractTransferListenerAdapter - Downloaded http://maven.jahia.org/maven2/org/springframework/spring-core/4.1.6.RELEASE/spring-core-4.1.6.RELEASE.pom
2021-11-17 19:58:37,573 [Worker-111: Building] INFO  o.e.m.c.i.e.AbstractTransferListenerAdapter - Downloading https://repo.maven.apache.org/maven2/org/springframework/spring-core/4.1.6.RELEASE/spring-core-4.1.6.RELEASE.pom
2021-11-17 19:58:37,786 [Worker-111: Building] INFO  o.e.m.c.i.e.AbstractTransferListenerAdapter - Downloaded https://repo.maven.apache.org/maven2/org/springframework/spring-core/4.1.6.RELEASE/spring-core-4.1.6.RELEASE.pom
2021-11-17 19:58:38,596 [Worker-111: Building] INFO  o.e.m.c.i.e.AbstractTransferListenerAdapter - Downloaded http://maven.jahia.org/maven2/org/springframework/spring-context/4.1.6.RELEASE/spring-context-4.1.6.RELEASE.pom
2021-11-17 19:58:38,802 [Worker-111: Building] INFO  o.e.m.c.i.e.AbstractTransferListenerAdapter - Downloading https://repo.maven.apache.org/maven2/org/springframework/spring-context/4.1.6.RELEASE/spring-context-4.1.6.RELEASE.pom
2021-11-17 19:58:39,016 [Worker-111: Building] INFO  o.e.m.c.i.e.AbstractTransferListenerAdapter - Downloaded https://repo.maven.apache.org/maven2/org/springframework/spring-context/4.1.6.RELEASE/spring-context-4.1.6.RELEASE.pom
2021-11-17 19:58:39,825 [Worker-111: Building] INFO  o.e.m.c.i.e.AbstractTransferListenerAdapter - Downloaded http://maven.jahia.org/maven2/org/springframework/spring-expression/4.1.6.RELEASE/spring-expression-4.1.6.RELEASE.pom
2021-11-17 19:58:40,031 [Worker-111: Building] INFO  o.e.m.c.i.e.AbstractTransferListenerAdapter - Downloading https://repo.maven.apache.org/maven2/org/springframework/spring-expression/4.1.6.RELEASE/spring-expression-4.1.6.RELEASE.pom
2021-11-17 19:58:40,244 [Worker-111: Building] INFO  o.e.m.c.i.e.AbstractTransferListenerAdapter - Downloaded https://repo.maven.apache.org/maven2/org/springframework/spring-expression/4.1.6.RELEASE/spring-expression-4.1.6.RELEASE.pom
2021-11-17 19:58:41,055 [Worker-111: Building] INFO  o.e.m.c.i.e.AbstractTransferListenerAdapter - Downloaded http://maven.jahia.org/maven2/org/springframework/spring-web/4.1.6.RELEASE/spring-web-4.1.6.RELEASE.pom
2021-11-17 19:58:41,259 [Worker-111: Building] INFO  o.e.m.c.i.e.AbstractTransferListenerAdapter - Downloading https://repo.maven.apache.org/maven2/org/springframework/spring-web/4.1.6.RELEASE/spring-web-4.1.6.RELEASE.pom
2021-11-17 19:58:41,470 [Worker-111: Building] INFO  o.e.m.c.i.e.AbstractTransferListenerAdapter - Downloaded https://repo.maven.apache.org/maven2/org/springframework/spring-web/4.1.6.RELEASE/spring-web-4.1.6.RELEASE.pom
2021-11-17 19:58:42,184 [Worker-111: Building] INFO  o.e.m.c.i.e.AbstractTransferListenerAdapter - Downloaded http://maven.jahia.org/maven2/org/springframework/security/spring-security-config/4.0.1.RELEASE/spring-security-config-4.0.1.RELEASE.pom
2021-11-17 19:58:42,370 [Worker-111: Building] INFO  o.e.m.c.i.e.AbstractTransferListenerAdapter - Downloading https://repo.maven.apache.org/maven2/org/springframework/security/spring-security-config/4.0.1.RELEASE/spring-security-config-4.0.1.RELEASE.pom
2021-11-17 19:58:42,600 [Worker-111: Building] INFO  o.e.m.c.i.e.AbstractTransferListenerAdapter - Downloaded https://repo.maven.apache.org/maven2/org/springframework/security/spring-security-config/4.0.1.RELEASE/spring-security-config-4.0.1.RELEASE.pom
2021-11-17 19:58:42,606 [Worker-111: Building] WARN  o.e.m.c.i.embedder.EclipseLogger - The artifact org.hibernate:hibernate-validator:jar:6.1.0.Final has been relocated to org.hibernate.validator:hibernate-validator:jar:6.1.0.Final
2021-11-17 19:58:43,311 [AetherRepositoryConnector-maven.jahia.org-0-1] INFO  o.e.m.c.i.e.AbstractTransferListenerAdapter - Downloaded http://maven.jahia.org/maven2/org/springframework/spring-aop/4.0.1.RELEASE/spring-aop-4.0.1.RELEASE.jar
2021-11-17 19:58:43,718 [AetherRepositoryConnector-maven.jahia.org-0-3] INFO  o.e.m.c.i.e.AbstractTransferListenerAdapter - Downloaded http://maven.jahia.org/maven2/org/springframework/spring-core/4.0.1.RELEASE/spring-core-4.0.1.RELEASE.jar
2021-11-17 19:58:43,718 [AetherRepositoryConnector-maven.jahia.org-0-2] INFO  o.e.m.c.i.e.AbstractTransferListenerAdapter - Downloaded http://maven.jahia.org/maven2/org/springframework/spring-beans/4.0.1.RELEASE/spring-beans-4.0.1.RELEASE.jar
2021-11-17 19:58:43,718 [AetherRepositoryConnector-maven.jahia.org-0-0] INFO  o.e.m.c.i.e.AbstractTransferListenerAdapter - Downloaded http://maven.jahia.org/maven2/org/springframework/spring-context/4.0.1.RELEASE/spring-context-4.0.1.RELEASE.jar
2021-11-17 19:58:43,718 [AetherRepositoryConnector-maven.jahia.org-0-4] INFO  o.e.m.c.i.e.AbstractTransferListenerAdapter - Downloaded http://maven.jahia.org/maven2/org/springframework/spring-expression/4.0.1.RELEASE/spring-expression-4.0.1.RELEASE.jar
2021-11-17 19:58:44,028 [AetherRepositoryConnector-maven.jahia.org-0-1] INFO  o.e.m.c.i.e.AbstractTransferListenerAdapter - Downloaded http://maven.jahia.org/maven2/org/springframework/spring-webmvc/4.0.1.RELEASE/spring-webmvc-4.0.1.RELEASE.jar
2021-11-17 19:58:44,338 [AetherRepositoryConnector-maven.jahia.org-0-0] INFO  o.e.m.c.i.e.AbstractTransferListenerAdapter - Downloaded http://maven.jahia.org/maven2/org/mybatis/mybatis/3.5.5/mybatis-3.5.5.jar
2021-11-17 19:58:44,339 [AetherRepositoryConnector-maven.jahia.org-0-3] INFO  o.e.m.c.i.e.AbstractTransferListenerAdapter - Downloaded http://maven.jahia.org/maven2/org/springframework/spring-web/4.0.1.RELEASE/spring-web-4.0.1.RELEASE.jar
2021-11-17 19:58:44,341 [AetherRepositoryConnector-maven.jahia.org-0-2] INFO  o.e.m.c.i.e.AbstractTransferListenerAdapter - Downloaded http://maven.jahia.org/maven2/log4j/log4j/1.2.17/log4j-1.2.17.jar
2021-11-17 19:58:44,341 [AetherRepositoryConnector-maven.jahia.org-0-4] INFO  o.e.m.c.i.e.AbstractTransferListenerAdapter - Downloading http://maven.jahia.org/maven2/com/oracle/ojdbc6/12.1.0.2/ojdbc6-12.1.0.2.jar
2021-11-17 19:58:48,109 [AetherRepositoryConnector-maven.jahia.org-0-1] INFO  o.e.m.c.i.e.AbstractTransferListenerAdapter - Downloaded http://maven.jahia.org/maven2/org/springframework/spring-orm/4.0.1.RELEASE/spring-orm-4.0.1.RELEASE.jar
2021-11-17 19:58:49,353 [AetherRepositoryConnector-maven.jahia.org-0-0] INFO  o.e.m.c.i.e.AbstractTransferListenerAdapter - Downloaded http://maven.jahia.org/maven2/org/springframework/spring-jdbc/4.0.1.RELEASE/spring-jdbc-4.0.1.RELEASE.jar
2021-11-17 19:58:49,353 [AetherRepositoryConnector-maven.jahia.org-0-3] INFO  o.e.m.c.i.e.AbstractTransferListenerAdapter - Downloaded http://maven.jahia.org/maven2/org/springframework/spring-tx/4.0.1.RELEASE/spring-tx-4.0.1.RELEASE.jar
2021-11-17 19:58:49,353 [AetherRepositoryConnector-maven.jahia.org-0-2] INFO  o.e.m.c.i.e.AbstractTransferListenerAdapter - Downloaded http://maven.jahia.org/maven2/org/mybatis/mybatis-spring/1.3.2/mybatis-spring-1.3.2.jar
2021-11-17 19:58:52,116 [AetherRepositoryConnector-maven.jahia.org-0-1] INFO  o.e.m.c.i.e.AbstractTransferListenerAdapter - Downloaded http://maven.jahia.org/maven2/commons-dbcp/commons-dbcp/1.4/commons-dbcp-1.4.jar
2021-11-17 19:58:53,651 [AetherRepositoryConnector-maven.jahia.org-0-2] INFO  o.e.m.c.i.e.AbstractTransferListenerAdapter - Downloaded http://maven.jahia.org/maven2/org/aspectj/aspectjweaver/1.9.5/aspectjweaver-1.9.5.jar
2021-11-17 19:58:53,652 [AetherRepositoryConnector-maven.jahia.org-0-3] INFO  o.e.m.c.i.e.AbstractTransferListenerAdapter - Downloaded http://maven.jahia.org/maven2/org/aspectj/aspectjrt/1.9.5/aspectjrt-1.9.5.jar
2021-11-17 19:58:53,651 [AetherRepositoryConnector-maven.jahia.org-0-0] INFO  o.e.m.c.i.e.AbstractTransferListenerAdapter - Downloaded http://maven.jahia.org/maven2/commons-pool/commons-pool/1.5.4/commons-pool-1.5.4.jar
2021-11-17 19:58:56,416 [AetherRepositoryConnector-maven.jahia.org-0-1] INFO  o.e.m.c.i.e.AbstractTransferListenerAdapter - Downloaded http://maven.jahia.org/maven2/org/apache/commons/commons-lang3/3.11/commons-lang3-3.11.jar
2021-11-17 19:58:57,031 [AetherRepositoryConnector-maven.jahia.org-0-2] INFO  o.e.m.c.i.e.AbstractTransferListenerAdapter - Downloaded http://maven.jahia.org/maven2/org/hibernate/validator/hibernate-validator/6.1.0.Final/hibernate-validator-6.1.0.Final.jar
2021-11-17 19:58:57,952 [AetherRepositoryConnector-maven.jahia.org-0-0] INFO  o.e.m.c.i.e.AbstractTransferListenerAdapter - Downloaded http://maven.jahia.org/maven2/org/jboss/logging/jboss-logging/3.3.2.Final/jboss-logging-3.3.2.Final.jar
2021-11-17 19:58:57,952 [AetherRepositoryConnector-maven.jahia.org-0-3] INFO  o.e.m.c.i.e.AbstractTransferListenerAdapter - Downloaded http://maven.jahia.org/maven2/jakarta/validation/jakarta.validation-api/2.0.2/jakarta.validation-api-2.0.2.jar
2021-11-17 19:59:00,103 [AetherRepositoryConnector-maven.jahia.org-0-1] INFO  o.e.m.c.i.e.AbstractTransferListenerAdapter - Downloaded http://maven.jahia.org/maven2/com/fasterxml/classmate/1.3.4/classmate-1.3.4.jar
2021-11-17 19:59:00,103 [AetherRepositoryConnector-maven.jahia.org-0-2] INFO  o.e.m.c.i.e.AbstractTransferListenerAdapter - Downloaded http://maven.jahia.org/maven2/org/springframework/security/spring-security-web/4.0.1.RELEASE/spring-security-web-4.0.1.RELEASE.jar
2021-11-17 19:59:01,639 [AetherRepositoryConnector-maven.jahia.org-0-3] INFO  o.e.m.c.i.e.AbstractTransferListenerAdapter - Downloaded http://maven.jahia.org/maven2/org/springframework/security/spring-security-config/4.0.1.RELEASE/spring-security-config-4.0.1.RELEASE.jar
2021-11-17 19:59:01,639 [AetherRepositoryConnector-maven.jahia.org-0-0] INFO  o.e.m.c.i.e.AbstractTransferListenerAdapter - Downloaded http://maven.jahia.org/maven2/org/springframework/security/spring-security-core/4.0.1.RELEASE/spring-security-core-4.0.1.RELEASE.jar
2021-11-17 19:59:03,209 [AetherRepositoryConnector-maven.jahia.org-0-4] INFO  o.e.m.c.i.e.AbstractTransferListenerAdapter - Downloaded http://maven.jahia.org/maven2/com/oracle/ojdbc6/12.1.0.2/ojdbc6-12.1.0.2.jar
2021-11-17 19:59:03,436 [AetherRepositoryConnector-repo.maven.apache.org-1-0] INFO  o.e.m.c.i.e.AbstractTransferListenerAdapter - Downloading https://repo.maven.apache.org/maven2/org/springframework/spring-context/4.0.1.RELEASE/spring-context-4.0.1.RELEASE.jar
2021-11-17 19:59:03,930 [AetherRepositoryConnector-repo.maven.apache.org-1-2] INFO  o.e.m.c.i.e.AbstractTransferListenerAdapter - Downloading https://repo.maven.apache.org/maven2/org/springframework/spring-beans/4.0.1.RELEASE/spring-beans-4.0.1.RELEASE.jar
2021-11-17 19:59:03,930 [AetherRepositoryConnector-repo.maven.apache.org-1-3] INFO  o.e.m.c.i.e.AbstractTransferListenerAdapter - Downloading https://repo.maven.apache.org/maven2/org/springframework/spring-core/4.0.1.RELEASE/spring-core-4.0.1.RELEASE.jar
2021-11-17 19:59:03,930 [AetherRepositoryConnector-repo.maven.apache.org-1-4] INFO  o.e.m.c.i.e.AbstractTransferListenerAdapter - Downloading https://repo.maven.apache.org/maven2/org/springframework/spring-expression/4.0.1.RELEASE/spring-expression-4.0.1.RELEASE.jar
2021-11-17 19:59:03,930 [AetherRepositoryConnector-repo.maven.apache.org-1-1] INFO  o.e.m.c.i.e.AbstractTransferListenerAdapter - Downloading https://repo.maven.apache.org/maven2/org/springframework/spring-aop/4.0.1.RELEASE/spring-aop-4.0.1.RELEASE.jar
2021-11-17 19:59:04,373 [AetherRepositoryConnector-repo.maven.apache.org-1-4] INFO  o.e.m.c.i.e.AbstractTransferListenerAdapter - Downloaded https://repo.maven.apache.org/maven2/org/springframework/spring-expression/4.0.1.RELEASE/spring-expression-4.0.1.RELEASE.jar
2021-11-17 19:59:04,456 [AetherRepositoryConnector-repo.maven.apache.org-1-1] INFO  o.e.m.c.i.e.AbstractTransferListenerAdapter - Downloaded https://repo.maven.apache.org/maven2/org/springframework/spring-aop/4.0.1.RELEASE/spring-aop-4.0.1.RELEASE.jar
2021-11-17 19:59:04,492 [AetherRepositoryConnector-repo.maven.apache.org-1-0] INFO  o.e.m.c.i.e.AbstractTransferListenerAdapter - Downloaded https://repo.maven.apache.org/maven2/org/springframework/spring-context/4.0.1.RELEASE/spring-context-4.0.1.RELEASE.jar
2021-11-17 19:59:04,520 [AetherRepositoryConnector-repo.maven.apache.org-1-2] INFO  o.e.m.c.i.e.AbstractTransferListenerAdapter - Downloaded https://repo.maven.apache.org/maven2/org/springframework/spring-beans/4.0.1.RELEASE/spring-beans-4.0.1.RELEASE.jar
2021-11-17 19:59:04,621 [AetherRepositoryConnector-repo.maven.apache.org-1-3] INFO  o.e.m.c.i.e.AbstractTransferListenerAdapter - Downloaded https://repo.maven.apache.org/maven2/org/springframework/spring-core/4.0.1.RELEASE/spring-core-4.0.1.RELEASE.jar
2021-11-17 19:59:04,627 [AetherRepositoryConnector-repo.maven.apache.org-1-4] INFO  o.e.m.c.i.e.AbstractTransferListenerAdapter - Downloading https://repo.maven.apache.org/maven2/org/springframework/spring-webmvc/4.0.1.RELEASE/spring-webmvc-4.0.1.RELEASE.jar
2021-11-17 19:59:04,645 [AetherRepositoryConnector-repo.maven.apache.org-1-1] INFO  o.e.m.c.i.e.AbstractTransferListenerAdapter - Downloading https://repo.maven.apache.org/maven2/org/springframework/spring-web/4.0.1.RELEASE/spring-web-4.0.1.RELEASE.jar
2021-11-17 19:59:04,672 [AetherRepositoryConnector-repo.maven.apache.org-1-0] INFO  o.e.m.c.i.e.AbstractTransferListenerAdapter - Downloading https://repo.maven.apache.org/maven2/log4j/log4j/1.2.17/log4j-1.2.17.jar
2021-11-17 19:59:04,772 [AetherRepositoryConnector-repo.maven.apache.org-1-2] INFO  o.e.m.c.i.e.AbstractTransferListenerAdapter - Downloading https://repo.maven.apache.org/maven2/org/mybatis/mybatis/3.5.5/mybatis-3.5.5.jar
2021-11-17 19:59:04,834 [AetherRepositoryConnector-repo.maven.apache.org-1-3] INFO  o.e.m.c.i.e.AbstractTransferListenerAdapter - Downloading https://repo.maven.apache.org/maven2/org/springframework/spring-orm/4.0.1.RELEASE/spring-orm-4.0.1.RELEASE.jar
2021-11-17 19:59:04,852 [AetherRepositoryConnector-repo.maven.apache.org-1-4] INFO  o.e.m.c.i.e.AbstractTransferListenerAdapter - Downloaded https://repo.maven.apache.org/maven2/org/springframework/spring-webmvc/4.0.1.RELEASE/spring-webmvc-4.0.1.RELEASE.jar
2021-11-17 19:59:04,852 [AetherRepositoryConnector-repo.maven.apache.org-1-1] INFO  o.e.m.c.i.e.AbstractTransferListenerAdapter - Downloaded https://repo.maven.apache.org/maven2/org/springframework/spring-web/4.0.1.RELEASE/spring-web-4.0.1.RELEASE.jar
2021-11-17 19:59:04,937 [AetherRepositoryConnector-repo.maven.apache.org-1-0] INFO  o.e.m.c.i.e.AbstractTransferListenerAdapter - Downloaded https://repo.maven.apache.org/maven2/log4j/log4j/1.2.17/log4j-1.2.17.jar
2021-11-17 19:59:05,014 [AetherRepositoryConnector-repo.maven.apache.org-1-2] INFO  o.e.m.c.i.e.AbstractTransferListenerAdapter - Downloaded https://repo.maven.apache.org/maven2/org/mybatis/mybatis/3.5.5/mybatis-3.5.5.jar
2021-11-17 19:59:05,089 [AetherRepositoryConnector-repo.maven.apache.org-1-1] INFO  o.e.m.c.i.e.AbstractTransferListenerAdapter - Downloading https://repo.maven.apache.org/maven2/org/springframework/spring-tx/4.0.1.RELEASE/spring-tx-4.0.1.RELEASE.jar
2021-11-17 19:59:05,096 [AetherRepositoryConnector-repo.maven.apache.org-1-3] INFO  o.e.m.c.i.e.AbstractTransferListenerAdapter - Downloaded https://repo.maven.apache.org/maven2/org/springframework/spring-orm/4.0.1.RELEASE/spring-orm-4.0.1.RELEASE.jar
2021-11-17 19:59:05,096 [AetherRepositoryConnector-repo.maven.apache.org-1-4] INFO  o.e.m.c.i.e.AbstractTransferListenerAdapter - Downloading https://repo.maven.apache.org/maven2/org/springframework/spring-jdbc/4.0.1.RELEASE/spring-jdbc-4.0.1.RELEASE.jar
2021-11-17 19:59:05,165 [AetherRepositoryConnector-repo.maven.apache.org-1-0] INFO  o.e.m.c.i.e.AbstractTransferListenerAdapter - Downloading https://repo.maven.apache.org/maven2/org/mybatis/mybatis-spring/1.3.2/mybatis-spring-1.3.2.jar
2021-11-17 19:59:05,247 [AetherRepositoryConnector-repo.maven.apache.org-1-2] INFO  o.e.m.c.i.e.AbstractTransferListenerAdapter - Downloading https://repo.maven.apache.org/maven2/commons-dbcp/commons-dbcp/1.4/commons-dbcp-1.4.jar
2021-11-17 19:59:05,257 [AetherRepositoryConnector-repo.maven.apache.org-1-3] INFO  o.e.m.c.i.e.AbstractTransferListenerAdapter - Downloading https://repo.maven.apache.org/maven2/commons-pool/commons-pool/1.5.4/commons-pool-1.5.4.jar
2021-11-17 19:59:05,271 [AetherRepositoryConnector-repo.maven.apache.org-1-1] INFO  o.e.m.c.i.e.AbstractTransferListenerAdapter - Downloaded https://repo.maven.apache.org/maven2/org/springframework/spring-tx/4.0.1.RELEASE/spring-tx-4.0.1.RELEASE.jar
2021-11-17 19:59:05,334 [AetherRepositoryConnector-repo.maven.apache.org-1-4] INFO  o.e.m.c.i.e.AbstractTransferListenerAdapter - Downloaded https://repo.maven.apache.org/maven2/org/springframework/spring-jdbc/4.0.1.RELEASE/spring-jdbc-4.0.1.RELEASE.jar
2021-11-17 19:59:05,415 [AetherRepositoryConnector-repo.maven.apache.org-1-0] INFO  o.e.m.c.i.e.AbstractTransferListenerAdapter - Downloaded https://repo.maven.apache.org/maven2/org/mybatis/mybatis-spring/1.3.2/mybatis-spring-1.3.2.jar
2021-11-17 19:59:05,435 [AetherRepositoryConnector-repo.maven.apache.org-1-2] INFO  o.e.m.c.i.e.AbstractTransferListenerAdapter - Downloaded https://repo.maven.apache.org/maven2/commons-dbcp/commons-dbcp/1.4/commons-dbcp-1.4.jar
2021-11-17 19:59:05,485 [AetherRepositoryConnector-repo.maven.apache.org-1-1] INFO  o.e.m.c.i.e.AbstractTransferListenerAdapter - Downloading https://repo.maven.apache.org/maven2/org/aspectj/aspectjrt/1.9.5/aspectjrt-1.9.5.jar
2021-11-17 19:59:05,489 [AetherRepositoryConnector-repo.maven.apache.org-1-3] INFO  o.e.m.c.i.e.AbstractTransferListenerAdapter - Downloaded https://repo.maven.apache.org/maven2/commons-pool/commons-pool/1.5.4/commons-pool-1.5.4.jar
2021-11-17 19:59:05,569 [AetherRepositoryConnector-repo.maven.apache.org-1-4] INFO  o.e.m.c.i.e.AbstractTransferListenerAdapter - Downloading https://repo.maven.apache.org/maven2/org/aspectj/aspectjweaver/1.9.5/aspectjweaver-1.9.5.jar
2021-11-17 19:59:05,625 [AetherRepositoryConnector-repo.maven.apache.org-1-0] INFO  o.e.m.c.i.e.AbstractTransferListenerAdapter - Downloading https://repo.maven.apache.org/maven2/org/apache/commons/commons-lang3/3.11/commons-lang3-3.11.jar
2021-11-17 19:59:05,644 [AetherRepositoryConnector-repo.maven.apache.org-1-2] INFO  o.e.m.c.i.e.AbstractTransferListenerAdapter - Downloading https://repo.maven.apache.org/maven2/org/hibernate/validator/hibernate-validator/6.1.0.Final/hibernate-validator-6.1.0.Final.jar
2021-11-17 19:59:05,724 [AetherRepositoryConnector-repo.maven.apache.org-1-3] INFO  o.e.m.c.i.e.AbstractTransferListenerAdapter - Downloading https://repo.maven.apache.org/maven2/jakarta/validation/jakarta.validation-api/2.0.2/jakarta.validation-api-2.0.2.jar
2021-11-17 19:59:05,732 [AetherRepositoryConnector-repo.maven.apache.org-1-1] INFO  o.e.m.c.i.e.AbstractTransferListenerAdapter - Downloaded https://repo.maven.apache.org/maven2/org/aspectj/aspectjrt/1.9.5/aspectjrt-1.9.5.jar
2021-11-17 19:59:05,797 [AetherRepositoryConnector-repo.maven.apache.org-1-4] INFO  o.e.m.c.i.e.AbstractTransferListenerAdapter - Downloaded https://repo.maven.apache.org/maven2/org/aspectj/aspectjweaver/1.9.5/aspectjweaver-1.9.5.jar
2021-11-17 19:59:05,808 [AetherRepositoryConnector-repo.maven.apache.org-1-0] INFO  o.e.m.c.i.e.AbstractTransferListenerAdapter - Downloaded https://repo.maven.apache.org/maven2/org/apache/commons/commons-lang3/3.11/commons-lang3-3.11.jar
2021-11-17 19:59:05,893 [AetherRepositoryConnector-repo.maven.apache.org-1-2] INFO  o.e.m.c.i.e.AbstractTransferListenerAdapter - Downloaded https://repo.maven.apache.org/maven2/org/hibernate/validator/hibernate-validator/6.1.0.Final/hibernate-validator-6.1.0.Final.jar
2021-11-17 19:59:05,952 [AetherRepositoryConnector-repo.maven.apache.org-1-1] INFO  o.e.m.c.i.e.AbstractTransferListenerAdapter - Downloading https://repo.maven.apache.org/maven2/org/jboss/logging/jboss-logging/3.3.2.Final/jboss-logging-3.3.2.Final.jar
2021-11-17 19:59:05,961 [AetherRepositoryConnector-repo.maven.apache.org-1-3] INFO  o.e.m.c.i.e.AbstractTransferListenerAdapter - Downloaded https://repo.maven.apache.org/maven2/jakarta/validation/jakarta.validation-api/2.0.2/jakarta.validation-api-2.0.2.jar
2021-11-17 19:59:05,962 [AetherRepositoryConnector-repo.maven.apache.org-1-4] INFO  o.e.m.c.i.e.AbstractTransferListenerAdapter - Downloading https://repo.maven.apache.org/maven2/com/fasterxml/classmate/1.3.4/classmate-1.3.4.jar
2021-11-17 19:59:06,044 [AetherRepositoryConnector-repo.maven.apache.org-1-0] INFO  o.e.m.c.i.e.AbstractTransferListenerAdapter - Downloading https://repo.maven.apache.org/maven2/org/springframework/security/spring-security-web/4.0.1.RELEASE/spring-security-web-4.0.1.RELEASE.jar
2021-11-17 19:59:06,115 [AetherRepositoryConnector-repo.maven.apache.org-1-2] INFO  o.e.m.c.i.e.AbstractTransferListenerAdapter - Downloading https://repo.maven.apache.org/maven2/org/springframework/security/spring-security-core/4.0.1.RELEASE/spring-security-core-4.0.1.RELEASE.jar
2021-11-17 19:59:06,124 [AetherRepositoryConnector-repo.maven.apache.org-1-3] INFO  o.e.m.c.i.e.AbstractTransferListenerAdapter - Downloading https://repo.maven.apache.org/maven2/org/springframework/security/spring-security-config/4.0.1.RELEASE/spring-security-config-4.0.1.RELEASE.jar
2021-11-17 19:59:06,207 [AetherRepositoryConnector-repo.maven.apache.org-1-1] INFO  o.e.m.c.i.e.AbstractTransferListenerAdapter - Downloaded https://repo.maven.apache.org/maven2/org/jboss/logging/jboss-logging/3.3.2.Final/jboss-logging-3.3.2.Final.jar
2021-11-17 19:59:06,207 [AetherRepositoryConnector-repo.maven.apache.org-1-4] INFO  o.e.m.c.i.e.AbstractTransferListenerAdapter - Downloaded https://repo.maven.apache.org/maven2/com/fasterxml/classmate/1.3.4/classmate-1.3.4.jar
2021-11-17 19:59:06,281 [AetherRepositoryConnector-repo.maven.apache.org-1-0] INFO  o.e.m.c.i.e.AbstractTransferListenerAdapter - Downloaded https://repo.maven.apache.org/maven2/org/springframework/security/spring-security-web/4.0.1.RELEASE/spring-security-web-4.0.1.RELEASE.jar
2021-11-17 19:59:06,294 [AetherRepositoryConnector-repo.maven.apache.org-1-2] INFO  o.e.m.c.i.e.AbstractTransferListenerAdapter - Downloaded https://repo.maven.apache.org/maven2/org/springframework/security/spring-security-core/4.0.1.RELEASE/spring-security-core-4.0.1.RELEASE.jar
2021-11-17 19:59:06,370 [AetherRepositoryConnector-repo.maven.apache.org-1-3] INFO  o.e.m.c.i.e.AbstractTransferListenerAdapter - Downloaded https://repo.maven.apache.org/maven2/org/springframework/security/spring-security-config/4.0.1.RELEASE/spring-security-config-4.0.1.RELEASE.jar
2021-11-17 19:59:06,573 [Worker-111: Building] WARN  o.e.m.c.i.embedder.EclipseLogger - The artifact org.hibernate:hibernate-validator:jar:6.1.0.Final has been relocated to org.hibernate.validator:hibernate-validator:jar:6.1.0.Final
2021-11-17 19:59:07,044 [Worker-111: Building] WARN  o.e.m.c.i.embedder.EclipseLogger - Using platform encoding (MS949 actually) to copy filtered resources, i.e. build is platform dependent!
2021-11-17 19:59:07,048 [Worker-111: Building] INFO  o.e.m.c.i.embedder.EclipseLogger - Copying 2 resources
2021-11-17 19:59:07,058 [Worker-111: Building] WARN  o.e.m.c.i.embedder.EclipseLogger - Using platform encoding (MS949 actually) to copy filtered resources, i.e. build is platform dependent!
2021-11-17 19:59:07,059 [Worker-111: Building] INFO  o.e.m.c.i.embedder.EclipseLogger - skip non existing resourceDirectory C:\Users\82107\Downloads\Answerboard-main\Answerboard-main\20201211_AnswerboardTEST\src\test\resources
2021-11-17 19:59:07,629 [Worker-114: Updating Maven Dependencies] INFO  o.e.m.c.i.l.LifecycleMappingFactory - Using org.maven.ide.eclipse.wtp.WarLifecycleMapping lifecycle mapping for MavenProject: com.min.edu:20201211_AnswerboardTEST:0.0.1-SNAPSHOT @ C:\Users\82107\Downloads\Answerboard-main\Answerboard-main\20201211_AnswerboardTEST\pom.xml.
2021-11-17 19:59:08,071 [Worker-115: Download sources and javadoc] WARN  o.e.m.c.i.embedder.EclipseLogger - The artifact org.hibernate:hibernate-validator:jar:6.1.0.Final has been relocated to org.hibernate.validator:hibernate-validator:jar:6.1.0.Final
2021-11-17 19:59:08,213 [Worker-114: Updating Maven Dependencies] WARN  o.e.m.c.i.embedder.EclipseLogger - The artifact org.hibernate:hibernate-validator:jar:6.1.0.Final has been relocated to org.hibernate.validator:hibernate-validator:jar:6.1.0.Final
2021-11-17 19:59:54,256 [Worker-3: Loading available Gradle versions] INFO  o.e.b.c.i.u.g.PublishedGradleVersions - Gradle version information cache is up-to-date. Trying to read.
2021-11-17 20:00:04,716 [Worker-4: Building] WARN  o.e.m.c.i.embedder.EclipseLogger - The artifact org.hibernate:hibernate-validator:jar:6.1.0.Final has been relocated to org.hibernate.validator:hibernate-validator:jar:6.1.0.Final
2021-11-17 20:00:04,971 [Worker-4: Building] WARN  o.e.m.c.i.embedder.EclipseLogger - Using platform encoding (MS949 actually) to copy filtered resources, i.e. build is platform dependent!
2021-11-17 20:00:04,977 [Worker-4: Building] INFO  o.e.m.c.i.embedder.EclipseLogger - Copying 2 resources
2021-11-17 20:00:04,987 [Worker-4: Building] WARN  o.e.m.c.i.embedder.EclipseLogger - Using platform encoding (MS949 actually) to copy filtered resources, i.e. build is platform dependent!
2021-11-17 20:00:04,988 [Worker-4: Building] INFO  o.e.m.c.i.embedder.EclipseLogger - skip non existing resourceDirectory C:\Users\82107\Downloads\Answerboard-main\Answerboard-main\20201211_AnswerboardTEST\src\test\resources
2021-11-17 21:01:48,784 [Worker-2: Loading available Gradle versions] INFO  o.e.b.c.i.u.g.PublishedGradleVersions - Gradle version information cache is up-to-date. Trying to read.
2021-11-17 21:03:59,750 [Worker-0: Loading available Gradle versions] INFO  o.e.b.c.i.u.g.PublishedGradleVersions - Gradle version information cache is up-to-date. Trying to read.
2021-11-18 17:34:47,242 [Worker-4: Loading available Gradle versions] INFO  o.e.b.c.i.u.g.PublishedGradleVersions - Gradle version information cache is out-of-date. Trying to update.
2021-11-22 17:16:51,490 [Worker-2: Loading available Gradle versions] INFO  o.e.b.c.i.u.g.PublishedGradleVersions - Gradle version information cache is up-to-date. Trying to read.
2021-11-22 19:01:16,603 [Worker-2: Loading available Gradle versions] INFO  o.e.b.c.i.u.g.PublishedGradleVersions - Gradle version information cache is up-to-date. Trying to read.
2021-11-22 20:20:48,622 [Worker-1: Loading available Gradle versions] INFO  o.e.b.c.i.u.g.PublishedGradleVersions - Gradle version information cache is up-to-date. Trying to read.
2021-11-23 00:18:05,711 [Worker-0: Loading available Gradle versions] INFO  o.e.b.c.i.u.g.PublishedGradleVersions - Gradle version information cache is up-to-date. Trying to read.
2021-11-24 17:40:28,370 [Worker-2: Loading available Gradle versions] INFO  o.e.b.c.i.u.g.PublishedGradleVersions - Gradle version information cache is up-to-date. Trying to read.
2021-11-24 23:37:52,090 [Worker-5: Loading available Gradle versions] INFO  o.e.b.c.i.u.g.PublishedGradleVersions - Gradle version information cache is up-to-date. Trying to read.
2021-11-25 00:12:47,453 [Worker-3: Loading available Gradle versions] INFO  o.e.b.c.i.u.g.PublishedGradleVersions - Gradle version information cache is up-to-date. Trying to read.
2021-11-25 18:17:52,844 [Worker-4: Loading available Gradle versions] INFO  o.e.b.c.i.u.g.PublishedGradleVersions - Gradle version information cache is out-of-date. Trying to update.
2021-11-25 20:35:12,916 [Worker-70: Debug Source Lookup] INFO  o.e.m.c.i.e.AbstractTransferListenerAdapter - Downloading https://repo.maven.apache.org/maven2/org/apache/tomcat/tomcat-catalina/9.0.46/tomcat-catalina-9.0.46-sources.jar
2021-11-25 20:35:14,018 [Worker-70: Debug Source Lookup] INFO  o.e.m.c.i.e.AbstractTransferListenerAdapter - Downloaded https://repo.maven.apache.org/maven2/org/apache/tomcat/tomcat-catalina/9.0.46/tomcat-catalina-9.0.46-sources.jar
2021-11-25 20:50:06,200 [Worker-82: Debug Source Lookup] INFO  o.e.m.c.i.e.AbstractTransferListenerAdapter - Downloading https://repo.maven.apache.org/maven2/org/apache/tomcat/tomcat-coyote/9.0.46/tomcat-coyote-9.0.46-sources.jar
2021-11-25 20:50:07,132 [Worker-82: Debug Source Lookup] INFO  o.e.m.c.i.e.AbstractTransferListenerAdapter - Downloaded https://repo.maven.apache.org/maven2/org/apache/tomcat/tomcat-coyote/9.0.46/tomcat-coyote-9.0.46-sources.jar
2021-11-25 20:52:48,425 [Worker-84: Debug Source Lookup] INFO  o.e.m.c.i.e.AbstractTransferListenerAdapter - Downloading https://repo.maven.apache.org/maven2/org/apache/tomcat/tomcat-jasper/9.0.46/tomcat-jasper-9.0.46-sources.jar
2021-11-25 20:52:49,235 [Worker-84: Debug Source Lookup] INFO  o.e.m.c.i.e.AbstractTransferListenerAdapter - Downloaded https://repo.maven.apache.org/maven2/org/apache/tomcat/tomcat-jasper/9.0.46/tomcat-jasper-9.0.46-sources.jar
2021-11-25 20:53:43,820 [Worker-80: Debug Source Lookup] INFO  o.e.m.c.i.e.AbstractTransferListenerAdapter - Downloading https://repo.maven.apache.org/maven2/org/apache/tomcat/tomcat-util/9.0.46/tomcat-util-9.0.46-sources.jar
2021-11-25 20:53:44,447 [Worker-80: Debug Source Lookup] INFO  o.e.m.c.i.e.AbstractTransferListenerAdapter - Downloaded https://repo.maven.apache.org/maven2/org/apache/tomcat/tomcat-util/9.0.46/tomcat-util-9.0.46-sources.jar
2021-11-25 21:06:06,991 [Worker-3: Loading available Gradle versions] INFO  o.e.b.c.i.u.g.PublishedGradleVersions - Gradle version information cache is up-to-date. Trying to read.
2021-11-25 21:17:17,378 [Worker-3: Loading available Gradle versions] INFO  o.e.b.c.i.u.g.PublishedGradleVersions - Gradle version information cache is up-to-date. Trying to read.
2021-11-26 00:10:01,640 [Worker-7: Loading available Gradle versions] INFO  o.e.b.c.i.u.g.PublishedGradleVersions - Gradle version information cache is up-to-date. Trying to read.
2021-11-26 03:11:11,254 [Worker-4: Loading available Gradle versions] INFO  o.e.b.c.i.u.g.PublishedGradleVersions - Gradle version information cache is up-to-date. Trying to read.
2021-11-26 19:13:48,887 [Worker-4: Loading available Gradle versions] INFO  o.e.b.c.i.u.g.PublishedGradleVersions - Gradle version information cache is out-of-date. Trying to update.
2021-11-26 19:34:53,161 [Worker-2: Loading available Gradle versions] INFO  o.e.b.c.i.u.g.PublishedGradleVersions - Gradle version information cache is up-to-date. Trying to read.
2021-11-29 23:39:42,849 [Worker-0: Loading available Gradle versions] INFO  o.e.b.c.i.u.g.PublishedGradleVersions - Gradle version information cache is out-of-date. Trying to update.
2021-12-01 01:46:53,801 [Worker-4: Loading available Gradle versions] INFO  o.e.b.c.i.u.g.PublishedGradleVersions - Gradle version information cache is out-of-date. Trying to update.
2021-12-01 02:18:22,935 [Worker-0: Loading available Gradle versions] INFO  o.e.b.c.i.u.g.PublishedGradleVersions - Gradle version information cache is up-to-date. Trying to read.
2021-12-01 16:48:36,759 [Worker-5: Loading available Gradle versions] INFO  o.e.b.c.i.u.g.PublishedGradleVersions - Gradle version information cache is up-to-date. Trying to read.
2021-12-02 19:05:14,917 [Worker-4: Loading available Gradle versions] INFO  o.e.b.c.i.u.g.PublishedGradleVersions - Gradle version information cache is out-of-date. Trying to update.
2021-12-06 18:46:16,030 [Worker-2: Loading available Gradle versions] INFO  o.e.b.c.i.u.g.PublishedGradleVersions - Gradle version information cache is out-of-date. Trying to update.
2021-12-06 23:34:43,104 [Worker-0: Loading available Gradle versions] INFO  o.e.b.c.i.u.g.PublishedGradleVersions - Gradle version information cache is up-to-date. Trying to read.
2021-12-07 00:49:53,131 [Worker-4: Loading available Gradle versions] INFO  o.e.b.c.i.u.g.PublishedGradleVersions - Gradle version information cache is up-to-date. Trying to read.
2021-12-07 01:22:58,558 [Worker-5: Loading available Gradle versions] INFO  o.e.b.c.i.u.g.PublishedGradleVersions - Gradle version information cache is up-to-date. Trying to read.
2021-12-07 01:27:22,971 [Worker-0: Loading available Gradle versions] INFO  o.e.b.c.i.u.g.PublishedGradleVersions - Gradle version information cache is up-to-date. Trying to read.
2021-12-07 01:30:03,652 [Worker-4: Loading available Gradle versions] INFO  o.e.b.c.i.u.g.PublishedGradleVersions - Gradle version information cache is up-to-date. Trying to read.
2021-12-07 18:14:39,315 [Worker-0: Loading available Gradle versions] INFO  o.e.b.c.i.u.g.PublishedGradleVersions - Gradle version information cache is up-to-date. Trying to read.
2021-12-07 23:34:51,928 [Worker-5: Loading available Gradle versions] INFO  o.e.b.c.i.u.g.PublishedGradleVersions - Gradle version information cache is out-of-date. Trying to update.
2021-12-08 22:20:05,103 [Worker-6: Loading available Gradle versions] INFO  o.e.b.c.i.u.g.PublishedGradleVersions - Gradle version information cache is up-to-date. Trying to read.
2021-12-09 18:15:55,684 [Worker-4: Loading available Gradle versions] INFO  o.e.b.c.i.u.g.PublishedGradleVersions - Gradle version information cache is up-to-date. Trying to read.
2021-12-10 18:35:23,101 [Worker-4: Loading available Gradle versions] INFO  o.e.b.c.i.u.g.PublishedGradleVersions - Gradle version information cache is out-of-date. Trying to update.
2021-12-13 18:02:12,408 [Worker-4: Loading available Gradle versions] INFO  o.e.b.c.i.u.g.PublishedGradleVersions - Gradle version information cache is out-of-date. Trying to update.
2021-12-20 19:17:27,971 [Worker-6: Loading available Gradle versions] INFO  o.e.b.c.i.u.g.PublishedGradleVersions - Gradle version information cache is out-of-date. Trying to update.
2021-12-28 16:40:34,991 [Worker-4: Loading available Gradle versions] INFO  o.e.b.c.i.u.g.PublishedGradleVersions - Gradle version information cache is out-of-date. Trying to update.
2021-12-29 17:20:34,469 [Worker-5: Loading available Gradle versions] INFO  o.e.b.c.i.u.g.PublishedGradleVersions - Gradle version information cache is out-of-date. Trying to update.
2022-01-02 15:49:22,347 [Worker-6: Loading available Gradle versions] INFO  o.e.b.c.i.u.g.PublishedGradleVersions - Gradle version information cache is out-of-date. Trying to update.
2022-01-02 15:55:10,981 [Worker-0: Loading available Gradle versions] INFO  o.e.b.c.i.u.g.PublishedGradleVersions - Gradle version information cache is up-to-date. Trying to read.
2022-01-02 19:22:01,382 [Worker-5: Loading available Gradle versions] INFO  o.e.b.c.i.u.g.PublishedGradleVersions - Gradle version information cache is up-to-date. Trying to read.
2022-01-03 13:33:54,494 [Worker-2: Loading available Gradle versions] INFO  o.e.b.c.i.u.g.PublishedGradleVersions - Gradle version information cache is up-to-date. Trying to read.
2022-01-09 17:49:20,752 [Worker-4: Loading available Gradle versions] INFO  o.e.b.c.i.u.g.PublishedGradleVersions - Gradle version information cache is up-to-date. Trying to read.
2022-01-10 17:01:40,557 [Worker-0: Loading available Gradle versions] INFO  o.e.b.c.i.u.g.PublishedGradleVersions - Gradle version information cache is up-to-date. Trying to read.
2022-01-10 23:32:58,473 [Worker-6: Loading available Gradle versions] INFO  o.e.b.c.i.u.g.PublishedGradleVersions - Gradle version information cache is out-of-date. Trying to update.
2022-01-11 18:20:30,035 [Worker-3: Loading available Gradle versions] INFO  o.e.b.c.i.u.g.PublishedGradleVersions - Gradle version information cache is up-to-date. Trying to read.
2022-01-12 15:25:43,549 [Worker-5: Loading available Gradle versions] INFO  o.e.b.c.i.u.g.PublishedGradleVersions - Gradle version information cache is out-of-date. Trying to update.
2022-01-13 23:21:44,090 [Worker-4: Loading available Gradle versions] INFO  o.e.b.c.i.u.g.PublishedGradleVersions - Gradle version information cache is out-of-date. Trying to update.
2022-01-14 15:47:11,268 [Worker-2: Loading available Gradle versions] INFO  o.e.b.c.i.u.g.PublishedGradleVersions - Gradle version information cache is up-to-date. Trying to read.
2022-01-15 16:28:38,585 [Worker-5: Loading available Gradle versions] INFO  o.e.b.c.i.u.g.PublishedGradleVersions - Gradle version information cache is out-of-date. Trying to update.
2022-01-16 15:56:27,969 [Worker-5: Loading available Gradle versions] INFO  o.e.b.c.i.u.g.PublishedGradleVersions - Gradle version information cache is up-to-date. Trying to read.
2022-01-17 16:09:31,526 [Worker-4: Loading available Gradle versions] INFO  o.e.b.c.i.u.g.PublishedGradleVersions - Gradle version information cache is out-of-date. Trying to update.
2022-01-18 15:58:37,839 [Worker-1: Loading available Gradle versions] INFO  o.e.b.c.i.u.g.PublishedGradleVersions - Gradle version information cache is up-to-date. Trying to read.
2022-01-19 20:40:26,218 [Worker-83: Loading available Gradle versions] INFO  o.e.b.c.i.u.g.PublishedGradleVersions - Gradle version information cache is out-of-date. Trying to update.
2022-01-21 15:27:44,612 [Worker-20: Loading available Gradle versions] INFO  o.e.b.c.i.u.g.PublishedGradleVersions - Gradle version information cache is out-of-date. Trying to update.
2022-01-24 15:25:28,472 [Worker-12: Loading available Gradle versions] INFO  o.e.b.c.i.u.g.PublishedGradleVersions - Gradle version information cache is out-of-date. Trying to update.
2022-01-25 17:11:06,221 [Worker-2: Loading available Gradle versions] INFO  o.e.b.c.i.u.g.PublishedGradleVersions - Gradle version information cache is out-of-date. Trying to update.
2022-01-26 17:59:08,768 [Worker-1: Loading available Gradle versions] INFO  o.e.b.c.i.u.g.PublishedGradleVersions - Gradle version information cache is out-of-date. Trying to update.
2022-01-26 23:42:31,467 [Worker-2: Loading available Gradle versions] INFO  o.e.b.c.i.u.g.PublishedGradleVersions - Gradle version information cache is up-to-date. Trying to read.
2022-01-27 14:41:53,833 [Worker-4: Loading available Gradle versions] INFO  o.e.b.c.i.u.g.PublishedGradleVersions - Gradle version information cache is up-to-date. Trying to read.
2022-01-27 17:00:16,520 [Worker-3: Loading available Gradle versions] INFO  o.e.b.c.i.u.g.PublishedGradleVersions - Gradle version information cache is up-to-date. Trying to read.
2022-01-28 15:38:26,830 [Worker-5: Loading available Gradle versions] INFO  o.e.b.c.i.u.g.PublishedGradleVersions - Gradle version information cache is out-of-date. Trying to update.
2022-01-28 16:55:03,430 [Worker-2: Loading available Gradle versions] INFO  o.e.b.c.i.u.g.PublishedGradleVersions - Gradle version information cache is up-to-date. Trying to read.
2022-01-31 17:18:28,690 [Worker-22: Loading available Gradle versions] INFO  o.e.b.c.i.u.g.PublishedGradleVersions - Gradle version information cache is out-of-date. Trying to update.
2022-02-01 16:36:43,348 [Worker-15: Loading available Gradle versions] INFO  o.e.b.c.i.u.g.PublishedGradleVersions - Gradle version information cache is up-to-date. Trying to read.
2022-02-01 21:41:27,644 [Worker-17: Loading available Gradle versions] INFO  o.e.b.c.i.u.g.PublishedGradleVersions - Gradle version information cache is out-of-date. Trying to update.
2022-02-02 14:19:27,481 [Worker-4: Loading available Gradle versions] INFO  o.e.b.c.i.u.g.PublishedGradleVersions - Gradle version information cache is up-to-date. Trying to read.
2022-02-03 15:34:00,303 [Worker-4: Loading available Gradle versions] INFO  o.e.b.c.i.u.g.PublishedGradleVersions - Gradle version information cache is out-of-date. Trying to update.
2022-02-04 15:34:51,998 [Worker-4: Loading available Gradle versions] INFO  o.e.b.c.i.u.g.PublishedGradleVersions - Gradle version information cache is out-of-date. Trying to update.
2022-02-04 23:25:49,498 [Worker-0: Loading available Gradle versions] INFO  o.e.b.c.i.u.g.PublishedGradleVersions - Gradle version information cache is up-to-date. Trying to read.
2022-02-05 14:22:09,030 [Worker-0: Loading available Gradle versions] INFO  o.e.b.c.i.u.g.PublishedGradleVersions - Gradle version information cache is up-to-date. Trying to read.
2022-02-05 16:35:50,987 [Worker-2: Loading available Gradle versions] INFO  o.e.b.c.i.u.g.PublishedGradleVersions - Gradle version information cache is out-of-date. Trying to update.
2022-02-06 15:03:38,314 [Worker-5: Loading available Gradle versions] INFO  o.e.b.c.i.u.g.PublishedGradleVersions - Gradle version information cache is up-to-date. Trying to read.
2022-02-07 15:33:23,111 [Worker-4: Loading available Gradle versions] INFO  o.e.b.c.i.u.g.PublishedGradleVersions - Gradle version information cache is out-of-date. Trying to update.
2022-02-07 23:07:09,148 [Worker-4: Loading available Gradle versions] INFO  o.e.b.c.i.u.g.PublishedGradleVersions - Gradle version information cache is up-to-date. Trying to read.
2022-02-08 00:33:29,789 [Worker-0: Loading available Gradle versions] INFO  o.e.b.c.i.u.g.PublishedGradleVersions - Gradle version information cache is up-to-date. Trying to read.
2022-03-02 16:41:24,893 [Worker-4: Loading available Gradle versions] INFO  o.e.b.c.i.u.g.PublishedGradleVersions - Gradle version information cache is up-to-date. Trying to read.
2022-03-15 19:04:42,745 [Worker-0: Loading available Gradle versions] INFO  o.e.b.c.i.u.g.PublishedGradleVersions - Gradle version information cache is up-to-date. Trying to read.
